<?xml version="1.0" encoding="UTF-8"?>
<testsuite xmlns:xsi="http://www.w3.org/2001/XMLSchema-instance" xsi:noNamespaceSchemaLocation="https://maven.apache.org/surefire/maven-surefire-plugin/xsd/surefire-test-report-3.0.xsd" version="3.0" name="com.ecommerce.admin.AdminApplicationTests" time="5.26" tests="1" errors="0" skipped="0" failures="0">
  <properties>
[...]
</properties>
  <testcase name="contextLoads" classname="com.ecommerce.admin.AdminApplicationTests" time="0.355">
    <system-out><![CDATA[15:17:57.186 [main] INFO org.springframework.test.context.support.AnnotationConfigContextLoaderUtils -- Could not detect default configuration classes for test class [com.ecommerce.admin.AdminApplicationTests]: AdminApplicationTests does not declare any static, non-private, non-final, nested classes annotated with @Configuration.
15:17:57.252 [main] INFO org.springframework.boot.test.context.SpringBootTestContextBootstrapper -- Found @SpringBootConfiguration com.ecommerce.admin.AdminApplication for test class com.ecommerce.admin.AdminApplicationTests

  .   ____          _            __ _ _
 /\\ / ___'_ __ _ _(_)_ __  __ _ \ \ \ \
( ( )\___ | '_ | '_| | '_ \/ _` | \ \ \ \
 \\/  ___)| |_)| | | | | || (_| |  ) ) ) )
  '  |____| .__|_| |_|_| |_\__, | / / / /
 =========|_|==============|___/=/_/_/_/
 :: Spring Boot ::                (v3.1.4)

2023-11-15T15:17:57.495+05:30  WARN 4276 --- [           main] ory$DuplicateJsonObjectContextCustomizer : 

Found multiple occurrences of org.json.JSONObject on the class path:

	jar:file:/Users/apple/.m2/repository/com/vaadin/external/google/android-json/0.0.20131108.vaadin1/android-json-0.0.20131108.vaadin1.jar!/org/json/JSONObject.class
	jar:file:/Users/apple/.m2/repository/org/json/json/20180130/json-20180130.jar!/org/json/JSONObject.class

You may wish to exclude one of them to ensure predictable runtime behavior

2023-11-15T15:17:57.507+05:30  INFO 4276 --- [           main] c.ecommerce.admin.AdminApplicationTests  : Starting AdminApplicationTests using Java 17.0.8.1 with PID 4276 (started by apple in /Users/apple/Documents/aws/Vnilusso/Admin)
2023-11-15T15:17:57.507+05:30  INFO 4276 --- [           main] c.ecommerce.admin.AdminApplicationTests  : No active profile set, falling back to 1 default profile: "default"
2023-11-15T15:17:57.535+05:30 DEBUG 4276 --- [           main] o.s.w.c.s.GenericWebApplicationContext   : Refreshing org.springframework.web.context.support.GenericWebApplicationContext@5fe8b721
2023-11-15T15:17:57.907+05:30  INFO 4276 --- [           main] .s.d.r.c.RepositoryConfigurationDelegate : Bootstrapping Spring Data JPA repositories in DEFAULT mode.
2023-11-15T15:17:57.975+05:30  INFO 4276 --- [           main] .s.d.r.c.RepositoryConfigurationDelegate : Finished Spring Data repository scanning in 62 ms. Found 19 JPA repository interfaces.
2023-11-15T15:17:58.493+05:30  INFO 4276 --- [           main] o.hibernate.jpa.internal.util.LogHelper  : HHH000204: Processing PersistenceUnitInfo [name: default]
2023-11-15T15:17:58.519+05:30  INFO 4276 --- [           main] org.hibernate.Version                    : HHH000412: Hibernate ORM core version 6.2.9.Final
2023-11-15T15:17:58.521+05:30  INFO 4276 --- [           main] org.hibernate.cfg.Environment            : HHH000406: Using bytecode reflection optimizer
2023-11-15T15:17:58.591+05:30  INFO 4276 --- [           main] o.h.b.i.BytecodeProviderInitiator        : HHH000021: Bytecode provider name : bytebuddy
2023-11-15T15:17:58.676+05:30  INFO 4276 --- [           main] o.s.o.j.p.SpringPersistenceUnitInfo      : No LoadTimeWeaver setup: ignoring JPA class transformer
2023-11-15T15:17:58.689+05:30  INFO 4276 --- [           main] com.zaxxer.hikari.HikariDataSource       : HikariPool-1 - Starting...
2023-11-15T15:17:58.761+05:30  INFO 4276 --- [           main] com.zaxxer.hikari.pool.HikariPool        : HikariPool-1 - Added connection org.postgresql.jdbc.PgConnection@6e5f5478
2023-11-15T15:17:58.763+05:30  INFO 4276 --- [           main] com.zaxxer.hikari.HikariDataSource       : HikariPool-1 - Start completed.
2023-11-15T15:17:58.970+05:30  INFO 4276 --- [           main] o.h.b.i.BytecodeProviderInitiator        : HHH000021: Bytecode provider name : bytebuddy
2023-11-15T15:17:59.601+05:30  INFO 4276 --- [           main] o.h.e.t.j.p.i.JtaPlatformInitiator       : HHH000490: Using JtaPlatform implementation: [org.hibernate.engine.transaction.jta.platform.internal.NoJtaPlatform]
2023-11-15T15:17:59.811+05:30  INFO 4276 --- [           main] j.LocalContainerEntityManagerFactoryBean : Initialized JPA EntityManagerFactory for persistence unit 'default'
2023-11-15T15:18:00.043+05:30  INFO 4276 --- [           main] o.s.d.j.r.query.QueryEnhancerFactory     : Hibernate is in classpath; If applicable, HQL parser will be used.
2023-11-15T15:18:01.571+05:30  WARN 4276 --- [           main] JpaBaseConfiguration$JpaWebConfiguration : spring.jpa.open-in-view is enabled by default. Therefore, database queries may be performed during view rendering. Explicitly configure spring.jpa.open-in-view to disable this warning
2023-11-15T15:18:01.633+05:30  INFO 4276 --- [           main] o.s.s.web.DefaultSecurityFilterChain     : Will secure any request with [org.springframework.security.web.session.DisableEncodeUrlFilter@52c3f893, org.springframework.security.web.session.ForceEagerSessionCreationFilter@55744b16, org.springframework.security.web.context.request.async.WebAsyncManagerIntegrationFilter@3ae2721b, org.springframework.security.web.context.SecurityContextHolderFilter@7f57925d, org.springframework.security.web.header.HeaderWriterFilter@7c007713, org.springframework.security.web.csrf.CsrfFilter@30b3d9ef, org.springframework.security.web.authentication.logout.LogoutFilter@6045d2c, org.springframework.security.web.authentication.UsernamePasswordAuthenticationFilter@567a2954, org.springframework.security.web.savedrequest.RequestCacheAwareFilter@3a3e0f7a, org.springframework.security.web.servletapi.SecurityContextHolderAwareRequestFilter@27cda5f, org.springframework.security.web.authentication.AnonymousAuthenticationFilter@3065a6ee, org.springframework.security.web.session.SessionManagementFilter@add99a4, org.springframework.security.web.access.ExceptionTranslationFilter@3cbe4472, org.springframework.security.web.access.intercept.AuthorizationFilter@706ff320]
2023-11-15T15:18:01.802+05:30 DEBUG 4276 --- [           main] s.w.s.m.m.a.RequestMappingHandlerAdapter : ControllerAdvice beans: 0 @ModelAttribute, 0 @InitBinder, 1 RequestBodyAdvice, 1 ResponseBodyAdvice
2023-11-15T15:18:01.863+05:30 DEBUG 4276 --- [           main] s.w.s.m.m.a.RequestMappingHandlerMapping : 45 mappings in 'requestMappingHandlerMapping'
2023-11-15T15:18:01.879+05:30 DEBUG 4276 --- [           main] o.s.w.s.handler.SimpleUrlHandlerMapping  : Patterns [/webjars/**, /**, /static/**] in 'resourceHandlerMapping'
2023-11-15T15:18:01.887+05:30 DEBUG 4276 --- [           main] .m.m.a.ExceptionHandlerExceptionResolver : ControllerAdvice beans: 5 @ExceptionHandler, 1 ResponseBodyAdvice
2023-11-15T15:18:01.967+05:30  INFO 4276 --- [           main] c.ecommerce.admin.AdminApplicationTests  : Started AdminApplicationTests in 4.617 seconds (process running for 5.273)
]]></system-out>
  </testcase>
</testsuite>