<?xml version="1.0" encoding="UTF-8"?>
<testsuite xmlns:xsi="http://www.w3.org/2001/XMLSchema-instance" xsi:noNamespaceSchemaLocation="https://maven.apache.org/surefire/maven-surefire-plugin/xsd/surefire-test-report-3.0.xsd" version="3.0" name="com.ecommerce.admin.AdminApplicationTests" time="5.579" tests="1" errors="0" skipped="0" failures="0">
  <properties>
[...]
</properties>
  <testcase name="contextLoads" classname="com.ecommerce.admin.AdminApplicationTests" time="0.353">
    <system-out><![CDATA[17:20:06.155 [main] INFO org.springframework.test.context.support.AnnotationConfigContextLoaderUtils -- Could not detect default configuration classes for test class [com.ecommerce.admin.AdminApplicationTests]: AdminApplicationTests does not declare any static, non-private, non-final, nested classes annotated with @Configuration.
17:20:06.215 [main] INFO org.springframework.boot.test.context.SpringBootTestContextBootstrapper -- Found @SpringBootConfiguration com.ecommerce.admin.AdminApplication for test class com.ecommerce.admin.AdminApplicationTests

  .   ____          _            __ _ _
 /\\ / ___'_ __ _ _(_)_ __  __ _ \ \ \ \
( ( )\___ | '_ | '_| | '_ \/ _` | \ \ \ \
 \\/  ___)| |_)| | | | | || (_| |  ) ) ) )
  '  |____| .__|_| |_|_| |_\__, | / / / /
 =========|_|==============|___/=/_/_/_/
 :: Spring Boot ::                (v3.1.4)

2023-11-15T17:20:06.434+05:30  WARN 7395 --- [           main] ory$DuplicateJsonObjectContextCustomizer : 

Found multiple occurrences of org.json.JSONObject on the class path:

	jar:file:/Users/apple/.m2/repository/com/vaadin/external/google/android-json/0.0.20131108.vaadin1/android-json-0.0.20131108.vaadin1.jar!/org/json/JSONObject.class
	jar:file:/Users/apple/.m2/repository/org/json/json/20180130/json-20180130.jar!/org/json/JSONObject.class

You may wish to exclude one of them to ensure predictable runtime behavior

2023-11-15T17:20:06.448+05:30  INFO 7395 --- [           main] c.ecommerce.admin.AdminApplicationTests  : Starting AdminApplicationTests using Java 17.0.8.1 with PID 7395 (started by apple in /Users/apple/Documents/aws/Vnilusso/Admin)
2023-11-15T17:20:06.449+05:30  INFO 7395 --- [           main] c.ecommerce.admin.AdminApplicationTests  : No active profile set, falling back to 1 default profile: "default"
2023-11-15T17:20:06.449+05:30 DEBUG 7395 --- [           main] o.s.boot.SpringApplication               : Loading source class com.ecommerce.admin.AdminApplication
2023-11-15T17:20:06.470+05:30 DEBUG 7395 --- [           main] o.s.w.c.s.GenericWebApplicationContext   : Refreshing org.springframework.web.context.support.GenericWebApplicationContext@37cd92d6
2023-11-15T17:20:06.482+05:30 DEBUG 7395 --- [           main] o.s.b.f.s.DefaultListableBeanFactory     : Creating shared instance of singleton bean 'org.springframework.context.annotation.internalConfigurationAnnotationProcessor'
2023-11-15T17:20:06.490+05:30 DEBUG 7395 --- [           main] o.s.b.f.s.DefaultListableBeanFactory     : Creating shared instance of singleton bean 'org.springframework.boot.autoconfigure.internalCachingMetadataReaderFactory'
2023-11-15T17:20:06.510+05:30 DEBUG 7395 --- [           main] o.s.c.a.ClassPathBeanDefinitionScanner   : Ignored because not a concrete top-level class: URL [jar:file:/Users/apple/Documents/aws/Vnilusso/Library/target/Library-0.0.1-SNAPSHOT.jar!/com/ecommerce/library/Repository/UtilRepos/TokenRepo.class]
2023-11-15T17:20:06.512+05:30 DEBUG 7395 --- [           main] o.s.c.a.ClassPathBeanDefinitionScanner   : Ignored because not a concrete top-level class: URL [jar:file:/Users/apple/Documents/aws/Vnilusso/Library/target/Library-0.0.1-SNAPSHOT.jar!/com/ecommerce/library/Repository/UtilRepos/OtpRepo.class]
2023-11-15T17:20:06.512+05:30 DEBUG 7395 --- [           main] o.s.c.a.ClassPathBeanDefinitionScanner   : Ignored because not a concrete top-level class: URL [jar:file:/Users/apple/Documents/aws/Vnilusso/Library/target/Library-0.0.1-SNAPSHOT.jar!/com/ecommerce/library/Repository/UserRepos/OrderRepo.class]
2023-11-15T17:20:06.513+05:30 DEBUG 7395 --- [           main] o.s.c.a.ClassPathBeanDefinitionScanner   : Ignored because not a concrete top-level class: URL [jar:file:/Users/apple/Documents/aws/Vnilusso/Library/target/Library-0.0.1-SNAPSHOT.jar!/com/ecommerce/library/Repository/UserRepos/CouponRepo.class]
2023-11-15T17:20:06.513+05:30 DEBUG 7395 --- [           main] o.s.c.a.ClassPathBeanDefinitionScanner   : Ignored because not a concrete top-level class: URL [jar:file:/Users/apple/Documents/aws/Vnilusso/Library/target/Library-0.0.1-SNAPSHOT.jar!/com/ecommerce/library/Repository/UserRepos/CartRepo.class]
2023-11-15T17:20:06.514+05:30 DEBUG 7395 --- [           main] o.s.c.a.ClassPathBeanDefinitionScanner   : Ignored because not a concrete top-level class: URL [jar:file:/Users/apple/Documents/aws/Vnilusso/Library/target/Library-0.0.1-SNAPSHOT.jar!/com/ecommerce/library/Repository/UserRepos/WalletRepo.class]
2023-11-15T17:20:06.514+05:30 DEBUG 7395 --- [           main] o.s.c.a.ClassPathBeanDefinitionScanner   : Ignored because not a concrete top-level class: URL [jar:file:/Users/apple/Documents/aws/Vnilusso/Library/target/Library-0.0.1-SNAPSHOT.jar!/com/ecommerce/library/Repository/UserRepos/AdminRepository.class]
2023-11-15T17:20:06.515+05:30 DEBUG 7395 --- [           main] o.s.c.a.ClassPathBeanDefinitionScanner   : Ignored because not a concrete top-level class: URL [jar:file:/Users/apple/Documents/aws/Vnilusso/Library/target/Library-0.0.1-SNAPSHOT.jar!/com/ecommerce/library/Repository/UserRepos/CartItemRepo.class]
2023-11-15T17:20:06.515+05:30 DEBUG 7395 --- [           main] o.s.c.a.ClassPathBeanDefinitionScanner   : Ignored because not a concrete top-level class: URL [jar:file:/Users/apple/Documents/aws/Vnilusso/Library/target/Library-0.0.1-SNAPSHOT.jar!/com/ecommerce/library/Repository/UserRepos/WishlistRepo.class]
2023-11-15T17:20:06.515+05:30 DEBUG 7395 --- [           main] o.s.c.a.ClassPathBeanDefinitionScanner   : Ignored because not a concrete top-level class: URL [jar:file:/Users/apple/Documents/aws/Vnilusso/Library/target/Library-0.0.1-SNAPSHOT.jar!/com/ecommerce/library/Repository/UserRepos/AddressRepo.class]
2023-11-15T17:20:06.516+05:30 DEBUG 7395 --- [           main] o.s.c.a.ClassPathBeanDefinitionScanner   : Ignored because not a concrete top-level class: URL [jar:file:/Users/apple/Documents/aws/Vnilusso/Library/target/Library-0.0.1-SNAPSHOT.jar!/com/ecommerce/library/Repository/UserRepos/OrderAddressRepo.class]
2023-11-15T17:20:06.516+05:30 DEBUG 7395 --- [           main] o.s.c.a.ClassPathBeanDefinitionScanner   : Ignored because not a concrete top-level class: URL [jar:file:/Users/apple/Documents/aws/Vnilusso/Library/target/Library-0.0.1-SNAPSHOT.jar!/com/ecommerce/library/Repository/UserRepos/TaskOffersRepo.class]
2023-11-15T17:20:06.516+05:30 DEBUG 7395 --- [           main] o.s.c.a.ClassPathBeanDefinitionScanner   : Ignored because not a concrete top-level class: URL [jar:file:/Users/apple/Documents/aws/Vnilusso/Library/target/Library-0.0.1-SNAPSHOT.jar!/com/ecommerce/library/Repository/UserRepos/RoleRepository.class]
2023-11-15T17:20:06.517+05:30 DEBUG 7395 --- [           main] o.s.c.a.ClassPathBeanDefinitionScanner   : Ignored because not a concrete top-level class: URL [jar:file:/Users/apple/Documents/aws/Vnilusso/Library/target/Library-0.0.1-SNAPSHOT.jar!/com/ecommerce/library/Repository/UserRepos/CustomerRepository.class]
2023-11-15T17:20:06.517+05:30 DEBUG 7395 --- [           main] o.s.c.a.ClassPathBeanDefinitionScanner   : Ignored because not a concrete top-level class: URL [jar:file:/Users/apple/Documents/aws/Vnilusso/Library/target/Library-0.0.1-SNAPSHOT.jar!/com/ecommerce/library/Repository/UserRepos/OrderItemRepo.class]
2023-11-15T17:20:06.517+05:30 DEBUG 7395 --- [           main] o.s.c.a.ClassPathBeanDefinitionScanner   : Ignored because not a concrete top-level class: URL [jar:file:/Users/apple/Documents/aws/Vnilusso/Library/target/Library-0.0.1-SNAPSHOT.jar!/com/ecommerce/library/Repository/UserRepos/PaymentRepo.class]
2023-11-15T17:20:06.518+05:30 DEBUG 7395 --- [           main] o.s.c.a.ClassPathBeanDefinitionScanner   : Ignored because not a concrete top-level class: URL [jar:file:/Users/apple/Documents/aws/Vnilusso/Library/target/Library-0.0.1-SNAPSHOT.jar!/com/ecommerce/library/Repository/UserRepos/ProductRepo.class]
2023-11-15T17:20:06.518+05:30 DEBUG 7395 --- [           main] o.s.c.a.ClassPathBeanDefinitionScanner   : Ignored because not a concrete top-level class: URL [jar:file:/Users/apple/Documents/aws/Vnilusso/Library/target/Library-0.0.1-SNAPSHOT.jar!/com/ecommerce/library/Repository/UserRepos/CategoryRepo.class]
2023-11-15T17:20:06.519+05:30 DEBUG 7395 --- [           main] o.s.c.a.ClassPathBeanDefinitionScanner   : Ignored because not a concrete top-level class: URL [jar:file:/Users/apple/Documents/aws/Vnilusso/Library/target/Library-0.0.1-SNAPSHOT.jar!/com/ecommerce/library/Repository/UserRepos/ReturnRequestRepo.class]
2023-11-15T17:20:06.520+05:30 DEBUG 7395 --- [           main] o.s.c.a.ClassPathBeanDefinitionScanner   : Identified candidate component class: URL [jar:file:/Users/apple/Documents/aws/Vnilusso/Library/target/Library-0.0.1-SNAPSHOT.jar!/com/ecommerce/library/ProductsService/Impl/OrderServiceImpl.class]
2023-11-15T17:20:06.521+05:30 DEBUG 7395 --- [           main] o.s.c.a.ClassPathBeanDefinitionScanner   : Identified candidate component class: URL [jar:file:/Users/apple/Documents/aws/Vnilusso/Library/target/Library-0.0.1-SNAPSHOT.jar!/com/ecommerce/library/ProductsService/Impl/StatisticsServiceImpl.class]
2023-11-15T17:20:06.521+05:30 DEBUG 7395 --- [           main] o.s.c.a.ClassPathBeanDefinitionScanner   : Identified candidate component class: URL [jar:file:/Users/apple/Documents/aws/Vnilusso/Library/target/Library-0.0.1-SNAPSHOT.jar!/com/ecommerce/library/ProductsService/Impl/WishlistServiceImpl.class]
2023-11-15T17:20:06.522+05:30 DEBUG 7395 --- [           main] o.s.c.a.ClassPathBeanDefinitionScanner   : Identified candidate component class: URL [jar:file:/Users/apple/Documents/aws/Vnilusso/Library/target/Library-0.0.1-SNAPSHOT.jar!/com/ecommerce/library/ProductsService/Impl/CategoryServiceImpl.class]
2023-11-15T17:20:06.522+05:30 DEBUG 7395 --- [           main] o.s.c.a.ClassPathBeanDefinitionScanner   : Identified candidate component class: URL [jar:file:/Users/apple/Documents/aws/Vnilusso/Library/target/Library-0.0.1-SNAPSHOT.jar!/com/ecommerce/library/ProductsService/Impl/ProductServiceImpl.class]
2023-11-15T17:20:06.523+05:30 DEBUG 7395 --- [           main] o.s.c.a.ClassPathBeanDefinitionScanner   : Identified candidate component class: URL [jar:file:/Users/apple/Documents/aws/Vnilusso/Library/target/Library-0.0.1-SNAPSHOT.jar!/com/ecommerce/library/ProductsService/Impl/CartServiceImpl.class]
2023-11-15T17:20:06.523+05:30 DEBUG 7395 --- [           main] o.s.c.a.ClassPathBeanDefinitionScanner   : Identified candidate component class: URL [jar:file:/Users/apple/Documents/aws/Vnilusso/Library/target/Library-0.0.1-SNAPSHOT.jar!/com/ecommerce/library/ProductsService/Impl/RazorpayOrderServiceImpl.class]
2023-11-15T17:20:06.524+05:30 DEBUG 7395 --- [           main] o.s.c.a.ClassPathBeanDefinitionScanner   : Identified candidate component class: URL [jar:file:/Users/apple/Documents/aws/Vnilusso/Library/target/Library-0.0.1-SNAPSHOT.jar!/com/ecommerce/library/ProductsService/Impl/TaskOfferServiceImpl.class]
2023-11-15T17:20:06.524+05:30 DEBUG 7395 --- [           main] o.s.c.a.ClassPathBeanDefinitionScanner   : Identified candidate component class: URL [jar:file:/Users/apple/Documents/aws/Vnilusso/Library/target/Library-0.0.1-SNAPSHOT.jar!/com/ecommerce/library/ProductsService/Impl/CouponServiceImpl.class]
2023-11-15T17:20:06.525+05:30 DEBUG 7395 --- [           main] o.s.c.a.ClassPathBeanDefinitionScanner   : Identified candidate component class: URL [jar:file:/Users/apple/Documents/aws/Vnilusso/Library/target/Library-0.0.1-SNAPSHOT.jar!/com/ecommerce/library/ProductsService/Impl/AddressServiceImpl.class]
2023-11-15T17:20:06.525+05:30 DEBUG 7395 --- [           main] o.s.c.a.ClassPathBeanDefinitionScanner   : Identified candidate component class: URL [jar:file:/Users/apple/Documents/aws/Vnilusso/Library/target/Library-0.0.1-SNAPSHOT.jar!/com/ecommerce/library/ProductsService/Impl/WalletServiceImpl.class]
2023-11-15T17:20:06.527+05:30 DEBUG 7395 --- [           main] o.s.c.a.ClassPathBeanDefinitionScanner   : Identified candidate component class: URL [jar:file:/Users/apple/Documents/aws/Vnilusso/Library/target/Library-0.0.1-SNAPSHOT.jar!/com/ecommerce/library/Utils/FileUtil.class]
2023-11-15T17:20:06.538+05:30 DEBUG 7395 --- [           main] o.s.c.a.ClassPathBeanDefinitionScanner   : Identified candidate component class: URL [jar:file:/Users/apple/Documents/aws/Vnilusso/Library/target/Library-0.0.1-SNAPSHOT.jar!/com/ecommerce/library/Configs/EmailConfig.class]
2023-11-15T17:20:06.538+05:30 DEBUG 7395 --- [           main] o.s.c.a.ClassPathBeanDefinitionScanner   : Identified candidate component class: URL [jar:file:/Users/apple/Documents/aws/Vnilusso/Library/target/Library-0.0.1-SNAPSHOT.jar!/com/ecommerce/library/Configs/CommonBeansConfig.class]
2023-11-15T17:20:06.544+05:30 DEBUG 7395 --- [           main] o.s.c.a.ClassPathBeanDefinitionScanner   : Identified candidate component class: URL [jar:file:/Users/apple/Documents/aws/Vnilusso/Library/target/Library-0.0.1-SNAPSHOT.jar!/com/ecommerce/library/Service/Impl/TokenServiceImpl.class]
2023-11-15T17:20:06.544+05:30 DEBUG 7395 --- [           main] o.s.c.a.ClassPathBeanDefinitionScanner   : Identified candidate component class: URL [jar:file:/Users/apple/Documents/aws/Vnilusso/Library/target/Library-0.0.1-SNAPSHOT.jar!/com/ecommerce/library/Service/Impl/CustomerServiceImpl.class]
2023-11-15T17:20:06.545+05:30 DEBUG 7395 --- [           main] o.s.c.a.ClassPathBeanDefinitionScanner   : Identified candidate component class: URL [jar:file:/Users/apple/Documents/aws/Vnilusso/Library/target/Library-0.0.1-SNAPSHOT.jar!/com/ecommerce/library/Service/Impl/ExcelServiceImpl.class]
2023-11-15T17:20:06.545+05:30 DEBUG 7395 --- [           main] o.s.c.a.ClassPathBeanDefinitionScanner   : Identified candidate component class: URL [jar:file:/Users/apple/Documents/aws/Vnilusso/Library/target/Library-0.0.1-SNAPSHOT.jar!/com/ecommerce/library/Service/Impl/PdfServiceImpl.class]
2023-11-15T17:20:06.545+05:30 DEBUG 7395 --- [           main] o.s.c.a.ClassPathBeanDefinitionScanner   : Identified candidate component class: URL [jar:file:/Users/apple/Documents/aws/Vnilusso/Library/target/Library-0.0.1-SNAPSHOT.jar!/com/ecommerce/library/Service/Impl/OtpServiceImpl.class]
2023-11-15T17:20:06.546+05:30 DEBUG 7395 --- [           main] o.s.c.a.ClassPathBeanDefinitionScanner   : Identified candidate component class: URL [jar:file:/Users/apple/Documents/aws/Vnilusso/Library/target/Library-0.0.1-SNAPSHOT.jar!/com/ecommerce/library/Service/Impl/AdminServiceImpl.class]
2023-11-15T17:20:06.546+05:30 DEBUG 7395 --- [           main] o.s.c.a.ClassPathBeanDefinitionScanner   : Identified candidate component class: URL [jar:file:/Users/apple/Documents/aws/Vnilusso/Library/target/Library-0.0.1-SNAPSHOT.jar!/com/ecommerce/library/Service/Impl/MailServiceImpl.class]
2023-11-15T17:20:06.551+05:30 DEBUG 7395 --- [           main] o.s.c.a.ClassPathBeanDefinitionScanner   : Identified candidate component class: URL [jar:file:/Users/apple/Documents/aws/Vnilusso/Library/target/Library-0.0.1-SNAPSHOT.jar!/com/ecommerce/library/ExceptionHandler/CartExceptionHandler.class]
2023-11-15T17:20:06.551+05:30 DEBUG 7395 --- [           main] o.s.c.a.ClassPathBeanDefinitionScanner   : Identified candidate component class: URL [jar:file:/Users/apple/Documents/aws/Vnilusso/Library/target/Library-0.0.1-SNAPSHOT.jar!/com/ecommerce/library/ExceptionHandler/ProductExceptionHandler.class]
2023-11-15T17:20:06.552+05:30 DEBUG 7395 --- [           main] o.s.c.a.ClassPathBeanDefinitionScanner   : Identified candidate component class: URL [jar:file:/Users/apple/Documents/aws/Vnilusso/Library/target/Library-0.0.1-SNAPSHOT.jar!/com/ecommerce/library/ExceptionHandler/UtilExceptionHandler.class]
2023-11-15T17:20:06.552+05:30 DEBUG 7395 --- [           main] o.s.c.a.ClassPathBeanDefinitionScanner   : Identified candidate component class: URL [jar:file:/Users/apple/Documents/aws/Vnilusso/Library/target/Library-0.0.1-SNAPSHOT.jar!/com/ecommerce/library/ExceptionHandler/OrderExceptionHandler.class]
2023-11-15T17:20:06.552+05:30 DEBUG 7395 --- [           main] o.s.c.a.ClassPathBeanDefinitionScanner   : Identified candidate component class: URL [jar:file:/Users/apple/Documents/aws/Vnilusso/Library/target/Library-0.0.1-SNAPSHOT.jar!/com/ecommerce/library/ExceptionHandler/AuthExceptionHandler.class]
2023-11-15T17:20:06.558+05:30 DEBUG 7395 --- [           main] o.s.c.a.ClassPathBeanDefinitionScanner   : Identified candidate component class: file [/Users/apple/Documents/aws/Vnilusso/Admin/target/classes/com/ecommerce/admin/Auth/CustomAuthenticationDetailsSource.class]
2023-11-15T17:20:06.558+05:30 DEBUG 7395 --- [           main] o.s.c.a.ClassPathBeanDefinitionScanner   : Identified candidate component class: file [/Users/apple/Documents/aws/Vnilusso/Admin/target/classes/com/ecommerce/admin/Auth/CustomAuthenticationProvider.class]
2023-11-15T17:20:06.561+05:30 DEBUG 7395 --- [           main] o.s.c.a.ClassPathBeanDefinitionScanner   : Identified candidate component class: file [/Users/apple/Documents/aws/Vnilusso/Admin/target/classes/com/ecommerce/admin/Config/AdminSecurityConfiguration.class]
2023-11-15T17:20:06.561+05:30 DEBUG 7395 --- [           main] o.s.c.a.ClassPathBeanDefinitionScanner   : Identified candidate component class: file [/Users/apple/Documents/aws/Vnilusso/Admin/target/classes/com/ecommerce/admin/Config/MvcConfig.class]
2023-11-15T17:20:06.561+05:30 DEBUG 7395 --- [           main] o.s.c.a.ClassPathBeanDefinitionScanner   : Identified candidate component class: file [/Users/apple/Documents/aws/Vnilusso/Admin/target/classes/com/ecommerce/admin/Config/ThymeleafConfig.class]
2023-11-15T17:20:06.564+05:30 DEBUG 7395 --- [           main] o.s.c.a.ClassPathBeanDefinitionScanner   : Identified candidate component class: file [/Users/apple/Documents/aws/Vnilusso/Admin/target/classes/com/ecommerce/admin/Controller/CategoriesController.class]
2023-11-15T17:20:06.565+05:30 DEBUG 7395 --- [           main] o.s.c.a.ClassPathBeanDefinitionScanner   : Identified candidate component class: file [/Users/apple/Documents/aws/Vnilusso/Admin/target/classes/com/ecommerce/admin/Controller/CouponController.class]
2023-11-15T17:20:06.566+05:30 DEBUG 7395 --- [           main] o.s.c.a.ClassPathBeanDefinitionScanner   : Identified candidate component class: file [/Users/apple/Documents/aws/Vnilusso/Admin/target/classes/com/ecommerce/admin/Controller/CreateAdminController.class]
2023-11-15T17:20:06.566+05:30 DEBUG 7395 --- [           main] o.s.c.a.ClassPathBeanDefinitionScanner   : Identified candidate component class: file [/Users/apple/Documents/aws/Vnilusso/Admin/target/classes/com/ecommerce/admin/Controller/CustomerController.class]
2023-11-15T17:20:06.566+05:30 DEBUG 7395 --- [           main] o.s.c.a.ClassPathBeanDefinitionScanner   : Identified candidate component class: file [/Users/apple/Documents/aws/Vnilusso/Admin/target/classes/com/ecommerce/admin/Controller/DashboardController.class]
2023-11-15T17:20:06.568+05:30 DEBUG 7395 --- [           main] o.s.c.a.ClassPathBeanDefinitionScanner   : Identified candidate component class: file [/Users/apple/Documents/aws/Vnilusso/Admin/target/classes/com/ecommerce/admin/Controller/DownloadController.class]
2023-11-15T17:20:06.569+05:30 DEBUG 7395 --- [           main] o.s.c.a.ClassPathBeanDefinitionScanner   : Identified candidate component class: file [/Users/apple/Documents/aws/Vnilusso/Admin/target/classes/com/ecommerce/admin/Controller/LoginController.class]
2023-11-15T17:20:06.569+05:30 DEBUG 7395 --- [           main] o.s.c.a.ClassPathBeanDefinitionScanner   : Identified candidate component class: file [/Users/apple/Documents/aws/Vnilusso/Admin/target/classes/com/ecommerce/admin/Controller/OrderController.class]
2023-11-15T17:20:06.570+05:30 DEBUG 7395 --- [           main] o.s.c.a.ClassPathBeanDefinitionScanner   : Identified candidate component class: file [/Users/apple/Documents/aws/Vnilusso/Admin/target/classes/com/ecommerce/admin/Controller/ProductController.class]
2023-11-15T17:20:06.570+05:30 DEBUG 7395 --- [           main] o.s.c.a.ClassPathBeanDefinitionScanner   : Identified candidate component class: file [/Users/apple/Documents/aws/Vnilusso/Admin/target/classes/com/ecommerce/admin/Controller/ProductUploadController.class]
2023-11-15T17:20:06.571+05:30 DEBUG 7395 --- [           main] o.s.c.a.ClassPathBeanDefinitionScanner   : Identified candidate component class: file [/Users/apple/Documents/aws/Vnilusso/Admin/target/classes/com/ecommerce/admin/Controller/StatisticsController.class]
2023-11-15T17:20:06.571+05:30 DEBUG 7395 --- [           main] o.s.c.a.ClassPathBeanDefinitionScanner   : Identified candidate component class: file [/Users/apple/Documents/aws/Vnilusso/Admin/target/classes/com/ecommerce/admin/Handler/CustomSuccessHandler.class]
2023-11-15T17:20:06.571+05:30 DEBUG 7395 --- [           main] o.s.c.a.ClassPathBeanDefinitionScanner   : Identified candidate component class: file [/Users/apple/Documents/aws/Vnilusso/Admin/target/classes/com/ecommerce/admin/Security/AdminDetailsService.class]
2023-11-15T17:20:06.949+05:30  INFO 7395 --- [           main] .s.d.r.c.RepositoryConfigurationDelegate : Bootstrapping Spring Data JPA repositories in DEFAULT mode.
2023-11-15T17:20:06.955+05:30 DEBUG 7395 --- [           main] .s.d.r.c.RepositoryConfigurationDelegate : Scanning for JPA repositories in packages com.ecommerce.library.Repository.*.
2023-11-15T17:20:06.961+05:30 DEBUG 7395 --- [           main] o.s.d.r.c.RepositoryComponentProvider    : Identified candidate component class: URL [jar:file:/Users/apple/Documents/aws/Vnilusso/Library/target/Library-0.0.1-SNAPSHOT.jar!/com/ecommerce/library/Repository/UtilRepos/TokenRepo.class]
2023-11-15T17:20:06.961+05:30 DEBUG 7395 --- [           main] o.s.d.r.c.RepositoryComponentProvider    : Identified candidate component class: URL [jar:file:/Users/apple/Documents/aws/Vnilusso/Library/target/Library-0.0.1-SNAPSHOT.jar!/com/ecommerce/library/Repository/UtilRepos/OtpRepo.class]
2023-11-15T17:20:06.961+05:30 DEBUG 7395 --- [           main] o.s.d.r.c.RepositoryComponentProvider    : Identified candidate component class: URL [jar:file:/Users/apple/Documents/aws/Vnilusso/Library/target/Library-0.0.1-SNAPSHOT.jar!/com/ecommerce/library/Repository/UserRepos/OrderRepo.class]
2023-11-15T17:20:06.961+05:30 DEBUG 7395 --- [           main] o.s.d.r.c.RepositoryComponentProvider    : Identified candidate component class: URL [jar:file:/Users/apple/Documents/aws/Vnilusso/Library/target/Library-0.0.1-SNAPSHOT.jar!/com/ecommerce/library/Repository/UserRepos/CouponRepo.class]
2023-11-15T17:20:06.961+05:30 DEBUG 7395 --- [           main] o.s.d.r.c.RepositoryComponentProvider    : Identified candidate component class: URL [jar:file:/Users/apple/Documents/aws/Vnilusso/Library/target/Library-0.0.1-SNAPSHOT.jar!/com/ecommerce/library/Repository/UserRepos/CartRepo.class]
2023-11-15T17:20:06.962+05:30 DEBUG 7395 --- [           main] o.s.d.r.c.RepositoryComponentProvider    : Identified candidate component class: URL [jar:file:/Users/apple/Documents/aws/Vnilusso/Library/target/Library-0.0.1-SNAPSHOT.jar!/com/ecommerce/library/Repository/UserRepos/WalletRepo.class]
2023-11-15T17:20:06.962+05:30 DEBUG 7395 --- [           main] o.s.d.r.c.RepositoryComponentProvider    : Identified candidate component class: URL [jar:file:/Users/apple/Documents/aws/Vnilusso/Library/target/Library-0.0.1-SNAPSHOT.jar!/com/ecommerce/library/Repository/UserRepos/AdminRepository.class]
2023-11-15T17:20:06.962+05:30 DEBUG 7395 --- [           main] o.s.d.r.c.RepositoryComponentProvider    : Identified candidate component class: URL [jar:file:/Users/apple/Documents/aws/Vnilusso/Library/target/Library-0.0.1-SNAPSHOT.jar!/com/ecommerce/library/Repository/UserRepos/CartItemRepo.class]
2023-11-15T17:20:06.962+05:30 DEBUG 7395 --- [           main] o.s.d.r.c.RepositoryComponentProvider    : Identified candidate component class: URL [jar:file:/Users/apple/Documents/aws/Vnilusso/Library/target/Library-0.0.1-SNAPSHOT.jar!/com/ecommerce/library/Repository/UserRepos/WishlistRepo.class]
2023-11-15T17:20:06.962+05:30 DEBUG 7395 --- [           main] o.s.d.r.c.RepositoryComponentProvider    : Identified candidate component class: URL [jar:file:/Users/apple/Documents/aws/Vnilusso/Library/target/Library-0.0.1-SNAPSHOT.jar!/com/ecommerce/library/Repository/UserRepos/AddressRepo.class]
2023-11-15T17:20:06.962+05:30 DEBUG 7395 --- [           main] o.s.d.r.c.RepositoryComponentProvider    : Identified candidate component class: URL [jar:file:/Users/apple/Documents/aws/Vnilusso/Library/target/Library-0.0.1-SNAPSHOT.jar!/com/ecommerce/library/Repository/UserRepos/OrderAddressRepo.class]
2023-11-15T17:20:06.963+05:30 DEBUG 7395 --- [           main] o.s.d.r.c.RepositoryComponentProvider    : Identified candidate component class: URL [jar:file:/Users/apple/Documents/aws/Vnilusso/Library/target/Library-0.0.1-SNAPSHOT.jar!/com/ecommerce/library/Repository/UserRepos/TaskOffersRepo.class]
2023-11-15T17:20:06.963+05:30 DEBUG 7395 --- [           main] o.s.d.r.c.RepositoryComponentProvider    : Identified candidate component class: URL [jar:file:/Users/apple/Documents/aws/Vnilusso/Library/target/Library-0.0.1-SNAPSHOT.jar!/com/ecommerce/library/Repository/UserRepos/RoleRepository.class]
2023-11-15T17:20:06.963+05:30 DEBUG 7395 --- [           main] o.s.d.r.c.RepositoryComponentProvider    : Identified candidate component class: URL [jar:file:/Users/apple/Documents/aws/Vnilusso/Library/target/Library-0.0.1-SNAPSHOT.jar!/com/ecommerce/library/Repository/UserRepos/CustomerRepository.class]
2023-11-15T17:20:06.963+05:30 DEBUG 7395 --- [           main] o.s.d.r.c.RepositoryComponentProvider    : Identified candidate component class: URL [jar:file:/Users/apple/Documents/aws/Vnilusso/Library/target/Library-0.0.1-SNAPSHOT.jar!/com/ecommerce/library/Repository/UserRepos/OrderItemRepo.class]
2023-11-15T17:20:06.963+05:30 DEBUG 7395 --- [           main] o.s.d.r.c.RepositoryComponentProvider    : Identified candidate component class: URL [jar:file:/Users/apple/Documents/aws/Vnilusso/Library/target/Library-0.0.1-SNAPSHOT.jar!/com/ecommerce/library/Repository/UserRepos/PaymentRepo.class]
2023-11-15T17:20:06.963+05:30 DEBUG 7395 --- [           main] o.s.d.r.c.RepositoryComponentProvider    : Identified candidate component class: URL [jar:file:/Users/apple/Documents/aws/Vnilusso/Library/target/Library-0.0.1-SNAPSHOT.jar!/com/ecommerce/library/Repository/UserRepos/ProductRepo.class]
2023-11-15T17:20:06.964+05:30 DEBUG 7395 --- [           main] o.s.d.r.c.RepositoryComponentProvider    : Identified candidate component class: URL [jar:file:/Users/apple/Documents/aws/Vnilusso/Library/target/Library-0.0.1-SNAPSHOT.jar!/com/ecommerce/library/Repository/UserRepos/CategoryRepo.class]
2023-11-15T17:20:06.964+05:30 DEBUG 7395 --- [           main] o.s.d.r.c.RepositoryComponentProvider    : Identified candidate component class: URL [jar:file:/Users/apple/Documents/aws/Vnilusso/Library/target/Library-0.0.1-SNAPSHOT.jar!/com/ecommerce/library/Repository/UserRepos/ReturnRequestRepo.class]
2023-11-15T17:20:07.024+05:30  INFO 7395 --- [           main] .s.d.r.c.RepositoryConfigurationDelegate : Finished Spring Data repository scanning in 68 ms. Found 19 JPA repository interfaces.
2023-11-15T17:20:07.326+05:30 DEBUG 7395 --- [           main] o.s.b.f.s.DefaultListableBeanFactory     : Creating shared instance of singleton bean 'propertySourcesPlaceholderConfigurer'
2023-11-15T17:20:07.337+05:30 DEBUG 7395 --- [           main] o.s.b.f.s.DefaultListableBeanFactory     : Creating shared instance of singleton bean 'org.springframework.boot.test.mock.mockito.MockitoPostProcessor'
2023-11-15T17:20:07.341+05:30 DEBUG 7395 --- [           main] o.s.b.f.s.DefaultListableBeanFactory     : Creating shared instance of singleton bean 'emBeanDefinitionRegistrarPostProcessor'
2023-11-15T17:20:07.341+05:30 DEBUG 7395 --- [           main] o.s.b.f.s.DefaultListableBeanFactory     : Creating shared instance of singleton bean 'org.springframework.boot.sql.init.dependency.DatabaseInitializationDependencyConfigurer$DependsOnDatabaseInitializationPostProcessor'
2023-11-15T17:20:07.376+05:30 DEBUG 7395 --- [           main] o.s.b.f.s.DefaultListableBeanFactory     : Creating shared instance of singleton bean 'org.springframework.context.event.internalEventListenerProcessor'
2023-11-15T17:20:07.377+05:30 DEBUG 7395 --- [           main] o.s.b.f.s.DefaultListableBeanFactory     : Creating shared instance of singleton bean 'conversionServicePostProcessor'
2023-11-15T17:20:07.388+05:30 DEBUG 7395 --- [           main] o.s.b.f.s.DefaultListableBeanFactory     : Creating shared instance of singleton bean 'preserveErrorControllerTargetClassPostProcessor'
2023-11-15T17:20:07.389+05:30 DEBUG 7395 --- [           main] o.s.b.f.s.DefaultListableBeanFactory     : Creating shared instance of singleton bean 'org.springframework.context.event.internalEventListenerFactory'
2023-11-15T17:20:07.389+05:30 DEBUG 7395 --- [           main] o.s.b.f.s.DefaultListableBeanFactory     : Creating shared instance of singleton bean 'org.springframework.transaction.config.internalTransactionalEventListenerFactory'
2023-11-15T17:20:07.391+05:30 DEBUG 7395 --- [           main] o.s.b.f.s.DefaultListableBeanFactory     : Creating shared instance of singleton bean 'org.springframework.boot.test.mock.mockito.MockitoPostProcessor$SpyPostProcessor'
2023-11-15T17:20:07.392+05:30 DEBUG 7395 --- [           main] o.s.b.f.s.DefaultListableBeanFactory     : Creating shared instance of singleton bean 'org.springframework.context.annotation.internalAutowiredAnnotationProcessor'
2023-11-15T17:20:07.393+05:30 DEBUG 7395 --- [           main] o.s.b.f.s.DefaultListableBeanFactory     : Creating shared instance of singleton bean 'org.springframework.context.annotation.internalCommonAnnotationProcessor'
2023-11-15T17:20:07.395+05:30 DEBUG 7395 --- [           main] o.s.b.f.s.DefaultListableBeanFactory     : Creating shared instance of singleton bean 'org.springframework.context.annotation.internalPersistenceAnnotationProcessor'
2023-11-15T17:20:07.396+05:30 DEBUG 7395 --- [           main] o.s.b.f.s.DefaultListableBeanFactory     : Creating shared instance of singleton bean 'org.springframework.boot.context.properties.ConfigurationPropertiesBindingPostProcessor'
2023-11-15T17:20:07.396+05:30 DEBUG 7395 --- [           main] o.s.b.f.s.DefaultListableBeanFactory     : Creating shared instance of singleton bean 'org.springframework.boot.context.internalConfigurationPropertiesBinder'
2023-11-15T17:20:07.397+05:30 DEBUG 7395 --- [           main] o.s.b.f.s.DefaultListableBeanFactory     : Creating shared instance of singleton bean 'jdbcConnectionDetailsHikariBeanPostProcessor'
2023-11-15T17:20:07.399+05:30 DEBUG 7395 --- [           main] o.s.b.f.s.DefaultListableBeanFactory     : Creating shared instance of singleton bean 'methodValidationPostProcessor'
2023-11-15T17:20:07.408+05:30 DEBUG 7395 --- [           main] o.s.b.f.s.DefaultListableBeanFactory     : Autowiring by type from bean name 'methodValidationPostProcessor' via factory method to bean named 'environment'
2023-11-15T17:20:07.409+05:30 DEBUG 7395 --- [           main] o.s.b.f.s.DefaultListableBeanFactory     : Creating shared instance of singleton bean 'org.springframework.boot.context.properties.EnableConfigurationPropertiesRegistrar.methodValidationExcludeFilter'
2023-11-15T17:20:07.417+05:30 DEBUG 7395 --- [           main] o.s.b.f.s.DefaultListableBeanFactory     : Creating shared instance of singleton bean 'org.springframework.aop.config.internalAutoProxyCreator'
2023-11-15T17:20:07.425+05:30 DEBUG 7395 --- [           main] o.s.b.f.s.DefaultListableBeanFactory     : Creating shared instance of singleton bean 'persistenceExceptionTranslationPostProcessor'
2023-11-15T17:20:07.426+05:30 DEBUG 7395 --- [           main] o.s.b.f.s.DefaultListableBeanFactory     : Autowiring by type from bean name 'persistenceExceptionTranslationPostProcessor' via factory method to bean named 'environment'
2023-11-15T17:20:07.427+05:30 DEBUG 7395 --- [           main] o.s.b.f.s.DefaultListableBeanFactory     : Creating shared instance of singleton bean 'webServerFactoryCustomizerBeanPostProcessor'
2023-11-15T17:20:07.427+05:30 DEBUG 7395 --- [           main] o.s.b.f.s.DefaultListableBeanFactory     : Creating shared instance of singleton bean 'errorPageRegistrarBeanPostProcessor'
2023-11-15T17:20:07.428+05:30 DEBUG 7395 --- [           main] o.s.b.f.s.DefaultListableBeanFactory     : Creating shared instance of singleton bean 'projectingArgumentResolverBeanPostProcessor'
2023-11-15T17:20:07.429+05:30 DEBUG 7395 --- [           main] o.s.b.f.s.DefaultListableBeanFactory     : Creating shared instance of singleton bean 'org.springframework.transaction.config.internalTransactionAdvisor'
2023-11-15T17:20:07.429+05:30 DEBUG 7395 --- [           main] o.s.b.f.s.DefaultListableBeanFactory     : Creating shared instance of singleton bean 'org.springframework.transaction.annotation.ProxyTransactionManagementConfiguration'
2023-11-15T17:20:07.435+05:30 DEBUG 7395 --- [           main] o.s.b.f.s.DefaultListableBeanFactory     : Creating shared instance of singleton bean 'transactionAttributeSource'
2023-11-15T17:20:07.436+05:30 DEBUG 7395 --- [           main] o.s.b.f.s.DefaultListableBeanFactory     : Creating shared instance of singleton bean 'transactionInterceptor'
2023-11-15T17:20:07.437+05:30 DEBUG 7395 --- [           main] o.s.b.f.s.DefaultListableBeanFactory     : Autowiring by type from bean name 'transactionInterceptor' via factory method to bean named 'transactionAttributeSource'
2023-11-15T17:20:07.439+05:30 DEBUG 7395 --- [           main] o.s.b.f.s.DefaultListableBeanFactory     : Autowiring by type from bean name 'org.springframework.transaction.config.internalTransactionAdvisor' via factory method to bean named 'transactionAttributeSource'
2023-11-15T17:20:07.439+05:30 DEBUG 7395 --- [           main] o.s.b.f.s.DefaultListableBeanFactory     : Autowiring by type from bean name 'org.springframework.transaction.config.internalTransactionAdvisor' via factory method to bean named 'transactionInterceptor'
2023-11-15T17:20:07.452+05:30 DEBUG 7395 --- [           main] o.s.u.c.s.UiApplicationContextUtils      : Unable to locate ThemeSource with name 'themeSource': using default [org.springframework.ui.context.support.ResourceBundleThemeSource@575cabf0]
2023-11-15T17:20:07.453+05:30 DEBUG 7395 --- [           main] o.s.b.f.s.DefaultListableBeanFactory     : Creating shared instance of singleton bean 'dataSourceScriptDatabaseInitializer'
2023-11-15T17:20:07.453+05:30 DEBUG 7395 --- [           main] o.s.b.f.s.DefaultListableBeanFactory     : Creating shared instance of singleton bean 'org.springframework.boot.autoconfigure.sql.init.DataSourceInitializationConfiguration'
2023-11-15T17:20:07.455+05:30 DEBUG 7395 --- [           main] o.s.b.f.s.DefaultListableBeanFactory     : Creating shared instance of singleton bean 'dataSource'
2023-11-15T17:20:07.455+05:30 DEBUG 7395 --- [           main] o.s.b.f.s.DefaultListableBeanFactory     : Creating shared instance of singleton bean 'org.springframework.boot.autoconfigure.jdbc.DataSourceConfiguration$Hikari'
2023-11-15T17:20:07.455+05:30 DEBUG 7395 --- [           main] o.s.b.f.s.DefaultListableBeanFactory     : Creating shared instance of singleton bean 'spring.datasource-org.springframework.boot.autoconfigure.jdbc.DataSourceProperties'
2023-11-15T17:20:07.456+05:30 DEBUG 7395 --- [           main] o.s.b.f.s.DefaultListableBeanFactory     : Creating shared instance of singleton bean 'org.springframework.boot.context.properties.BoundConfigurationProperties'
2023-11-15T17:20:07.469+05:30 DEBUG 7395 --- [           main] o.s.b.f.s.DefaultListableBeanFactory     : Creating shared instance of singleton bean 'jdbcConnectionDetails'
2023-11-15T17:20:07.470+05:30 DEBUG 7395 --- [           main] o.s.b.f.s.DefaultListableBeanFactory     : Creating shared instance of singleton bean 'org.springframework.boot.autoconfigure.jdbc.DataSourceAutoConfiguration$PooledDataSourceConfiguration'
2023-11-15T17:20:07.470+05:30 DEBUG 7395 --- [           main] o.s.b.f.s.DefaultListableBeanFactory     : Autowiring by type from bean name 'jdbcConnectionDetails' via factory method to bean named 'spring.datasource-org.springframework.boot.autoconfigure.jdbc.DataSourceProperties'
2023-11-15T17:20:07.471+05:30 DEBUG 7395 --- [           main] o.s.b.f.s.DefaultListableBeanFactory     : Autowiring by type from bean name 'dataSource' via factory method to bean named 'spring.datasource-org.springframework.boot.autoconfigure.jdbc.DataSourceProperties'
2023-11-15T17:20:07.471+05:30 DEBUG 7395 --- [           main] o.s.b.f.s.DefaultListableBeanFactory     : Autowiring by type from bean name 'dataSource' via factory method to bean named 'jdbcConnectionDetails'
2023-11-15T17:20:07.488+05:30 DEBUG 7395 --- [           main] o.s.b.f.s.DefaultListableBeanFactory     : Creating shared instance of singleton bean 'spring.sql.init-org.springframework.boot.autoconfigure.sql.init.SqlInitializationProperties'
2023-11-15T17:20:07.492+05:30 DEBUG 7395 --- [           main] o.s.b.f.s.DefaultListableBeanFactory     : Autowiring by type from bean name 'dataSourceScriptDatabaseInitializer' via factory method to bean named 'dataSource'
2023-11-15T17:20:07.492+05:30 DEBUG 7395 --- [           main] o.s.b.f.s.DefaultListableBeanFactory     : Autowiring by type from bean name 'dataSourceScriptDatabaseInitializer' via factory method to bean named 'spring.sql.init-org.springframework.boot.autoconfigure.sql.init.SqlInitializationProperties'
2023-11-15T17:20:07.495+05:30 DEBUG 7395 --- [           main] o.s.b.f.s.DefaultListableBeanFactory     : Creating shared instance of singleton bean 'entityManagerFactory'
2023-11-15T17:20:07.496+05:30 DEBUG 7395 --- [           main] o.s.b.f.s.DefaultListableBeanFactory     : Creating shared instance of singleton bean 'org.springframework.boot.autoconfigure.orm.jpa.HibernateJpaConfiguration'
2023-11-15T17:20:07.496+05:30 DEBUG 7395 --- [           main] o.s.b.f.s.DefaultListableBeanFactory     : Creating shared instance of singleton bean 'spring.jpa-org.springframework.boot.autoconfigure.orm.jpa.JpaProperties'
2023-11-15T17:20:07.499+05:30 DEBUG 7395 --- [           main] o.s.b.f.s.DefaultListableBeanFactory     : Creating shared instance of singleton bean 'spring.jpa.hibernate-org.springframework.boot.autoconfigure.orm.jpa.HibernateProperties'
2023-11-15T17:20:07.500+05:30 DEBUG 7395 --- [           main] o.s.b.f.s.DefaultListableBeanFactory     : Autowiring by type from bean name 'org.springframework.boot.autoconfigure.orm.jpa.HibernateJpaConfiguration' via constructor to bean named 'dataSource'
2023-11-15T17:20:07.501+05:30 DEBUG 7395 --- [           main] o.s.b.f.s.DefaultListableBeanFactory     : Autowiring by type from bean name 'org.springframework.boot.autoconfigure.orm.jpa.HibernateJpaConfiguration' via constructor to bean named 'spring.jpa-org.springframework.boot.autoconfigure.orm.jpa.JpaProperties'
2023-11-15T17:20:07.501+05:30 DEBUG 7395 --- [           main] o.s.b.f.s.DefaultListableBeanFactory     : Autowiring by type from bean name 'org.springframework.boot.autoconfigure.orm.jpa.HibernateJpaConfiguration' via constructor to bean named 'org.springframework.beans.factory.support.DefaultListableBeanFactory@584f5497'
2023-11-15T17:20:07.501+05:30 DEBUG 7395 --- [           main] o.s.b.f.s.DefaultListableBeanFactory     : Autowiring by type from bean name 'org.springframework.boot.autoconfigure.orm.jpa.HibernateJpaConfiguration' via constructor to bean named 'spring.jpa.hibernate-org.springframework.boot.autoconfigure.orm.jpa.HibernateProperties'
2023-11-15T17:20:07.502+05:30 DEBUG 7395 --- [           main] o.s.b.f.s.DefaultListableBeanFactory     : Creating shared instance of singleton bean 'hikariPoolDataSourceMetadataProvider'
2023-11-15T17:20:07.502+05:30 DEBUG 7395 --- [           main] o.s.b.f.s.DefaultListableBeanFactory     : Creating shared instance of singleton bean 'org.springframework.boot.autoconfigure.jdbc.metadata.DataSourcePoolMetadataProvidersConfiguration$HikariPoolDataSourceMetadataProviderConfiguration'
2023-11-15T17:20:07.505+05:30 DEBUG 7395 --- [           main] o.s.b.f.s.DefaultListableBeanFactory     : Creating shared instance of singleton bean 'entityManagerFactoryBuilder'
2023-11-15T17:20:07.506+05:30 DEBUG 7395 --- [           main] o.s.b.f.s.DefaultListableBeanFactory     : Creating shared instance of singleton bean 'jpaVendorAdapter'
2023-11-15T17:20:07.513+05:30 DEBUG 7395 --- [           main] o.s.b.f.s.DefaultListableBeanFactory     : Autowiring by type from bean name 'entityManagerFactoryBuilder' via factory method to bean named 'jpaVendorAdapter'
2023-11-15T17:20:07.517+05:30 DEBUG 7395 --- [           main] o.s.b.f.s.DefaultListableBeanFactory     : Creating shared instance of singleton bean 'persistenceManagedTypes'
2023-11-15T17:20:07.518+05:30 DEBUG 7395 --- [           main] o.s.b.f.s.DefaultListableBeanFactory     : Autowiring by type from bean name 'persistenceManagedTypes' via factory method to bean named 'org.springframework.beans.factory.support.DefaultListableBeanFactory@584f5497'
2023-11-15T17:20:07.518+05:30 DEBUG 7395 --- [           main] o.s.b.f.s.DefaultListableBeanFactory     : Autowiring by type from bean name 'persistenceManagedTypes' via factory method to bean named 'org.springframework.web.context.support.GenericWebApplicationContext@37cd92d6'
2023-11-15T17:20:07.518+05:30 DEBUG 7395 --- [           main] o.s.b.f.s.DefaultListableBeanFactory     : Creating shared instance of singleton bean 'org.springframework.boot.autoconfigure.domain.EntityScanPackages'
2023-11-15T17:20:07.522+05:30 DEBUG 7395 --- [           main] o.s.b.f.s.DefaultListableBeanFactory     : Autowiring by type from bean name 'entityManagerFactory' via factory method to bean named 'entityManagerFactoryBuilder'
2023-11-15T17:20:07.522+05:30 DEBUG 7395 --- [           main] o.s.b.f.s.DefaultListableBeanFactory     : Autowiring by type from bean name 'entityManagerFactory' via factory method to bean named 'persistenceManagedTypes'
2023-11-15T17:20:07.531+05:30 DEBUG 7395 --- [           main] j.LocalContainerEntityManagerFactoryBean : Building JPA container EntityManagerFactory for persistence unit 'default'
2023-11-15T17:20:07.540+05:30  INFO 7395 --- [           main] o.hibernate.jpa.internal.util.LogHelper  : HHH000204: Processing PersistenceUnitInfo [name: default]
2023-11-15T17:20:07.569+05:30  INFO 7395 --- [           main] org.hibernate.Version                    : HHH000412: Hibernate ORM core version 6.2.9.Final
2023-11-15T17:20:07.570+05:30  INFO 7395 --- [           main] org.hibernate.cfg.Environment            : HHH000406: Using bytecode reflection optimizer
2023-11-15T17:20:07.658+05:30  INFO 7395 --- [           main] o.h.b.i.BytecodeProviderInitiator        : HHH000021: Bytecode provider name : bytebuddy
2023-11-15T17:20:07.753+05:30  INFO 7395 --- [           main] o.s.o.j.p.SpringPersistenceUnitInfo      : No LoadTimeWeaver setup: ignoring JPA class transformer
2023-11-15T17:20:07.763+05:30  INFO 7395 --- [           main] com.zaxxer.hikari.HikariDataSource       : HikariPool-1 - Starting...
2023-11-15T17:20:07.850+05:30  INFO 7395 --- [           main] com.zaxxer.hikari.pool.HikariPool        : HikariPool-1 - Added connection org.postgresql.jdbc.PgConnection@27d73d22
2023-11-15T17:20:07.852+05:30  INFO 7395 --- [           main] com.zaxxer.hikari.HikariDataSource       : HikariPool-1 - Start completed.
2023-11-15T17:20:08.097+05:30  INFO 7395 --- [           main] o.h.b.i.BytecodeProviderInitiator        : HHH000021: Bytecode provider name : bytebuddy
2023-11-15T17:20:08.750+05:30  INFO 7395 --- [           main] o.h.e.t.j.p.i.JtaPlatformInitiator       : HHH000490: Using JtaPlatform implementation: [org.hibernate.engine.transaction.jta.platform.internal.NoJtaPlatform]
2023-11-15T17:20:08.975+05:30  INFO 7395 --- [           main] j.LocalContainerEntityManagerFactoryBean : Initialized JPA EntityManagerFactory for persistence unit 'default'
2023-11-15T17:20:08.978+05:30 DEBUG 7395 --- [           main] o.s.b.f.s.DefaultListableBeanFactory     : Creating shared instance of singleton bean 'adminApplication'
2023-11-15T17:20:08.979+05:30 DEBUG 7395 --- [           main] o.s.b.f.s.DefaultListableBeanFactory     : Creating shared instance of singleton bean 'orderServiceImpl'
2023-11-15T17:20:08.982+05:30 DEBUG 7395 --- [           main] o.s.b.f.s.DefaultListableBeanFactory     : Creating shared instance of singleton bean 'cartServiceImpl'
2023-11-15T17:20:08.983+05:30 DEBUG 7395 --- [           main] o.s.b.f.s.DefaultListableBeanFactory     : Creating shared instance of singleton bean 'cartRepo'
2023-11-15T17:20:08.989+05:30 DEBUG 7395 --- [           main] o.s.b.f.s.DefaultListableBeanFactory     : Creating shared instance of singleton bean 'jpa.named-queries#10'
2023-11-15T17:20:08.991+05:30 DEBUG 7395 --- [           main] o.s.b.f.s.DefaultListableBeanFactory     : Creating shared instance of singleton bean 'jpa.CartRepo.fragments#0'
2023-11-15T17:20:08.993+05:30 DEBUG 7395 --- [           main] o.s.b.f.s.DefaultListableBeanFactory     : Creating shared instance of singleton bean 'jpaSharedEM_entityManagerFactory'
2023-11-15T17:20:09.012+05:30 DEBUG 7395 --- [           main] o.s.b.f.s.DefaultListableBeanFactory     : Creating shared instance of singleton bean 'jpaMappingContext'
2023-11-15T17:20:09.012+05:30 DEBUG 7395 --- [           main] .c.JpaMetamodelMappingContextFactoryBean : Initializing JpaMetamodelMappingContext?
2023-11-15T17:20:09.020+05:30 DEBUG 7395 --- [           main] .c.JpaMetamodelMappingContextFactoryBean : Finished initializing JpaMetamodelMappingContext
2023-11-15T17:20:09.032+05:30 DEBUG 7395 --- [           main] tor$SharedEntityManagerInvocationHandler : Creating new EntityManager for shared EntityManager invocation
2023-11-15T17:20:09.055+05:30 DEBUG 7395 --- [           main] tor$SharedEntityManagerInvocationHandler : Creating new EntityManager for shared EntityManager invocation
2023-11-15T17:20:09.118+05:30 DEBUG 7395 --- [           main] o.s.d.r.c.s.RepositoryFactorySupport     : Initializing repository instance for com.ecommerce.library.Repository.UserRepos.CartRepo?
2023-11-15T17:20:09.129+05:30 DEBUG 7395 --- [           main] tor$SharedEntityManagerInvocationHandler : Creating new EntityManager for shared EntityManager invocation
2023-11-15T17:20:09.180+05:30 DEBUG 7395 --- [           main] o.s.d.jpa.repository.query.NamedQuery    : Looking up named query Cart.findCartById
2023-11-15T17:20:09.181+05:30 DEBUG 7395 --- [           main] o.s.d.jpa.repository.query.NamedQuery    : Did not find named query Cart.findCartById
2023-11-15T17:20:09.182+05:30 DEBUG 7395 --- [           main] tor$SharedEntityManagerInvocationHandler : Creating new EntityManager for shared EntityManager invocation
2023-11-15T17:20:09.221+05:30  INFO 7395 --- [           main] o.s.d.j.r.query.QueryEnhancerFactory     : Hibernate is in classpath; If applicable, HQL parser will be used.
2023-11-15T17:20:09.356+05:30 DEBUG 7395 --- [           main] o.s.d.jpa.repository.query.NamedQuery    : Did not find named query Cart.getCartTotalExcludingCoupon.count
2023-11-15T17:20:09.357+05:30 DEBUG 7395 --- [           main] tor$SharedEntityManagerInvocationHandler : Creating new EntityManager for shared EntityManager invocation
2023-11-15T17:20:09.491+05:30 DEBUG 7395 --- [           main] o.s.d.jpa.repository.query.NamedQuery    : Did not find named query Cart.getCartSize.count
2023-11-15T17:20:09.491+05:30 DEBUG 7395 --- [           main] tor$SharedEntityManagerInvocationHandler : Creating new EntityManager for shared EntityManager invocation
2023-11-15T17:20:09.496+05:30 DEBUG 7395 --- [           main] o.s.d.jpa.repository.query.NamedQuery    : Looking up named query Cart.findByCustomer
2023-11-15T17:20:09.496+05:30 DEBUG 7395 --- [           main] o.s.d.jpa.repository.query.NamedQuery    : Did not find named query Cart.findByCustomer
2023-11-15T17:20:09.496+05:30 DEBUG 7395 --- [           main] tor$SharedEntityManagerInvocationHandler : Creating new EntityManager for shared EntityManager invocation
2023-11-15T17:20:09.499+05:30 DEBUG 7395 --- [           main] o.s.d.jpa.repository.query.NamedQuery    : Did not find named query Cart.getCartTotalIncludeCouponDiscount.count
2023-11-15T17:20:09.500+05:30 DEBUG 7395 --- [           main] tor$SharedEntityManagerInvocationHandler : Creating new EntityManager for shared EntityManager invocation
2023-11-15T17:20:09.506+05:30 DEBUG 7395 --- [           main] o.s.d.jpa.repository.query.NamedQuery    : Did not find named query Cart.setTotalPrice.count
2023-11-15T17:20:09.506+05:30 DEBUG 7395 --- [           main] tor$SharedEntityManagerInvocationHandler : Creating new EntityManager for shared EntityManager invocation
2023-11-15T17:20:09.514+05:30 DEBUG 7395 --- [           main] o.s.d.jpa.repository.query.NamedQuery    : Did not find named query Cart.emptyTotalItems.count
2023-11-15T17:20:09.514+05:30 DEBUG 7395 --- [           main] tor$SharedEntityManagerInvocationHandler : Creating new EntityManager for shared EntityManager invocation
2023-11-15T17:20:09.517+05:30 DEBUG 7395 --- [           main] o.s.d.jpa.repository.query.NamedQuery    : Did not find named query Cart.setCouponForCart.count
2023-11-15T17:20:09.517+05:30 DEBUG 7395 --- [           main] tor$SharedEntityManagerInvocationHandler : Creating new EntityManager for shared EntityManager invocation
2023-11-15T17:20:09.521+05:30 DEBUG 7395 --- [           main] o.s.d.r.c.s.RepositoryFactorySupport     : Finished creation of repository instance for com.ecommerce.library.Repository.UserRepos.CartRepo.
2023-11-15T17:20:09.523+05:30 DEBUG 7395 --- [           main] o.s.b.f.s.DefaultListableBeanFactory     : Creating shared instance of singleton bean 'customerServiceImpl'
2023-11-15T17:20:09.524+05:30 DEBUG 7395 --- [           main] o.s.b.f.s.DefaultListableBeanFactory     : Creating shared instance of singleton bean 'customerRepository'
2023-11-15T17:20:09.525+05:30 DEBUG 7395 --- [           main] o.s.b.f.s.DefaultListableBeanFactory     : Creating shared instance of singleton bean 'jpa.named-queries#4'
2023-11-15T17:20:09.526+05:30 DEBUG 7395 --- [           main] o.s.b.f.s.DefaultListableBeanFactory     : Creating shared instance of singleton bean 'jpa.CustomerRepository.fragments#0'
2023-11-15T17:20:09.527+05:30 DEBUG 7395 --- [           main] tor$SharedEntityManagerInvocationHandler : Creating new EntityManager for shared EntityManager invocation
2023-11-15T17:20:09.527+05:30 DEBUG 7395 --- [           main] o.s.d.r.c.s.RepositoryFactorySupport     : Initializing repository instance for com.ecommerce.library.Repository.UserRepos.CustomerRepository?
2023-11-15T17:20:09.527+05:30 DEBUG 7395 --- [           main] tor$SharedEntityManagerInvocationHandler : Creating new EntityManager for shared EntityManager invocation
2023-11-15T17:20:09.551+05:30 DEBUG 7395 --- [           main] o.s.d.jpa.repository.query.NamedQuery    : Did not find named query Customer.findCart.count
2023-11-15T17:20:09.551+05:30 DEBUG 7395 --- [           main] tor$SharedEntityManagerInvocationHandler : Creating new EntityManager for shared EntityManager invocation
2023-11-15T17:20:09.554+05:30 DEBUG 7395 --- [           main] o.s.d.jpa.repository.query.NamedQuery    : Did not find named query Customer.updateUserName.count
2023-11-15T17:20:09.554+05:30 DEBUG 7395 --- [           main] tor$SharedEntityManagerInvocationHandler : Creating new EntityManager for shared EntityManager invocation
2023-11-15T17:20:09.556+05:30 DEBUG 7395 --- [           main] o.s.d.jpa.repository.query.NamedQuery    : Did not find named query Customer.getCustomerAuthority.count
2023-11-15T17:20:09.556+05:30 DEBUG 7395 --- [           main] tor$SharedEntityManagerInvocationHandler : Creating new EntityManager for shared EntityManager invocation
2023-11-15T17:20:09.558+05:30 DEBUG 7395 --- [           main] o.s.d.jpa.repository.query.NamedQuery    : Did not find named query Customer.getWishlist.count
2023-11-15T17:20:09.558+05:30 DEBUG 7395 --- [           main] tor$SharedEntityManagerInvocationHandler : Creating new EntityManager for shared EntityManager invocation
2023-11-15T17:20:09.560+05:30 DEBUG 7395 --- [           main] o.s.d.jpa.repository.query.NamedQuery    : Did not find named query Customer.changePassword.count
2023-11-15T17:20:09.560+05:30 DEBUG 7395 --- [           main] tor$SharedEntityManagerInvocationHandler : Creating new EntityManager for shared EntityManager invocation
2023-11-15T17:20:09.561+05:30 DEBUG 7395 --- [           main] o.s.d.jpa.repository.query.NamedQuery    : Looking up named query Customer.existsByEmail
2023-11-15T17:20:09.561+05:30 DEBUG 7395 --- [           main] o.s.d.jpa.repository.query.NamedQuery    : Did not find named query Customer.existsByEmail
2023-11-15T17:20:09.561+05:30 DEBUG 7395 --- [           main] tor$SharedEntityManagerInvocationHandler : Creating new EntityManager for shared EntityManager invocation
2023-11-15T17:20:09.564+05:30 DEBUG 7395 --- [           main] o.s.d.jpa.repository.query.NamedQuery    : Did not find named query Customer.isBlocked.count
2023-11-15T17:20:09.564+05:30 DEBUG 7395 --- [           main] tor$SharedEntityManagerInvocationHandler : Creating new EntityManager for shared EntityManager invocation
2023-11-15T17:20:09.566+05:30 DEBUG 7395 --- [           main] o.s.d.jpa.repository.query.NamedQuery    : Did not find named query Customer.blockCustomer.count
2023-11-15T17:20:09.566+05:30 DEBUG 7395 --- [           main] tor$SharedEntityManagerInvocationHandler : Creating new EntityManager for shared EntityManager invocation
2023-11-15T17:20:09.569+05:30 DEBUG 7395 --- [           main] o.s.d.jpa.repository.query.NamedQuery    : Did not find named query Customer.unblockUser.count
2023-11-15T17:20:09.569+05:30 DEBUG 7395 --- [           main] tor$SharedEntityManagerInvocationHandler : Creating new EntityManager for shared EntityManager invocation
2023-11-15T17:20:09.571+05:30 DEBUG 7395 --- [           main] o.s.d.jpa.repository.query.NamedQuery    : Did not find named query Customer.isDeleted.count
2023-11-15T17:20:09.571+05:30 DEBUG 7395 --- [           main] tor$SharedEntityManagerInvocationHandler : Creating new EntityManager for shared EntityManager invocation
2023-11-15T17:20:09.574+05:30 DEBUG 7395 --- [           main] o.s.d.jpa.repository.query.NamedQuery    : Did not find named query Customer.couponUsedCountByCustomer.count
2023-11-15T17:20:09.574+05:30 DEBUG 7395 --- [           main] tor$SharedEntityManagerInvocationHandler : Creating new EntityManager for shared EntityManager invocation
2023-11-15T17:20:09.576+05:30 DEBUG 7395 --- [           main] o.s.d.jpa.repository.query.NamedQuery    : Did not find named query Customer.updateEmail.count
2023-11-15T17:20:09.577+05:30 DEBUG 7395 --- [           main] tor$SharedEntityManagerInvocationHandler : Creating new EntityManager for shared EntityManager invocation
2023-11-15T17:20:09.584+05:30 DEBUG 7395 --- [           main] o.s.d.jpa.repository.query.NamedQuery    : Did not find named query Customer.findCartId.count
2023-11-15T17:20:09.584+05:30 DEBUG 7395 --- [           main] tor$SharedEntityManagerInvocationHandler : Creating new EntityManager for shared EntityManager invocation
2023-11-15T17:20:09.587+05:30 DEBUG 7395 --- [           main] o.s.d.jpa.repository.query.NamedQuery    : Looking up named query Customer.findByEmail
2023-11-15T17:20:09.587+05:30 DEBUG 7395 --- [           main] o.s.d.jpa.repository.query.NamedQuery    : Did not find named query Customer.findByEmail
2023-11-15T17:20:09.588+05:30 DEBUG 7395 --- [           main] tor$SharedEntityManagerInvocationHandler : Creating new EntityManager for shared EntityManager invocation
2023-11-15T17:20:09.589+05:30 DEBUG 7395 --- [           main] o.s.d.jpa.repository.query.NamedQuery    : Did not find named query Customer.getWallet.count
2023-11-15T17:20:09.589+05:30 DEBUG 7395 --- [           main] tor$SharedEntityManagerInvocationHandler : Creating new EntityManager for shared EntityManager invocation
2023-11-15T17:20:09.591+05:30 DEBUG 7395 --- [           main] o.s.d.jpa.repository.query.NamedQuery    : Did not find named query Customer.updatePhoneNumber.count
2023-11-15T17:20:09.591+05:30 DEBUG 7395 --- [           main] tor$SharedEntityManagerInvocationHandler : Creating new EntityManager for shared EntityManager invocation
2023-11-15T17:20:09.594+05:30 DEBUG 7395 --- [           main] o.s.d.r.c.s.RepositoryFactorySupport     : Finished creation of repository instance for com.ecommerce.library.Repository.UserRepos.CustomerRepository.
2023-11-15T17:20:09.595+05:30 DEBUG 7395 --- [           main] o.s.b.f.s.DefaultListableBeanFactory     : Creating shared instance of singleton bean 'otpServiceImpl'
2023-11-15T17:20:09.596+05:30 DEBUG 7395 --- [           main] o.s.b.f.s.DefaultListableBeanFactory     : Creating shared instance of singleton bean 'otpRepo'
2023-11-15T17:20:09.596+05:30 DEBUG 7395 --- [           main] o.s.b.f.s.DefaultListableBeanFactory     : Creating shared instance of singleton bean 'jpa.named-queries#12'
2023-11-15T17:20:09.597+05:30 DEBUG 7395 --- [           main] o.s.b.f.s.DefaultListableBeanFactory     : Creating shared instance of singleton bean 'jpa.OtpRepo.fragments#0'
2023-11-15T17:20:09.598+05:30 DEBUG 7395 --- [           main] tor$SharedEntityManagerInvocationHandler : Creating new EntityManager for shared EntityManager invocation
2023-11-15T17:20:09.599+05:30 DEBUG 7395 --- [           main] o.s.d.r.c.s.RepositoryFactorySupport     : Initializing repository instance for com.ecommerce.library.Repository.UtilRepos.OtpRepo?
2023-11-15T17:20:09.600+05:30 DEBUG 7395 --- [           main] tor$SharedEntityManagerInvocationHandler : Creating new EntityManager for shared EntityManager invocation
2023-11-15T17:20:09.617+05:30 DEBUG 7395 --- [           main] o.s.d.jpa.repository.query.NamedQuery    : Looking up named query Otp.findByCode
2023-11-15T17:20:09.617+05:30 DEBUG 7395 --- [           main] o.s.d.jpa.repository.query.NamedQuery    : Did not find named query Otp.findByCode
2023-11-15T17:20:09.617+05:30 DEBUG 7395 --- [           main] tor$SharedEntityManagerInvocationHandler : Creating new EntityManager for shared EntityManager invocation
2023-11-15T17:20:09.618+05:30 DEBUG 7395 --- [           main] o.s.d.jpa.repository.query.NamedQuery    : Looking up named query Otp.findByUsername
2023-11-15T17:20:09.618+05:30 DEBUG 7395 --- [           main] o.s.d.jpa.repository.query.NamedQuery    : Did not find named query Otp.findByUsername
2023-11-15T17:20:09.618+05:30 DEBUG 7395 --- [           main] tor$SharedEntityManagerInvocationHandler : Creating new EntityManager for shared EntityManager invocation
2023-11-15T17:20:09.619+05:30 DEBUG 7395 --- [           main] o.s.d.jpa.repository.query.NamedQuery    : Did not find named query Otp.isUsed.count
2023-11-15T17:20:09.619+05:30 DEBUG 7395 --- [           main] tor$SharedEntityManagerInvocationHandler : Creating new EntityManager for shared EntityManager invocation
2023-11-15T17:20:09.622+05:30 DEBUG 7395 --- [           main] o.s.d.r.c.s.RepositoryFactorySupport     : Finished creation of repository instance for com.ecommerce.library.Repository.UtilRepos.OtpRepo.
2023-11-15T17:20:09.623+05:30 DEBUG 7395 --- [           main] o.s.b.f.s.DefaultListableBeanFactory     : Creating shared instance of singleton bean 'adminServiceImpl'
2023-11-15T17:20:09.624+05:30 DEBUG 7395 --- [           main] o.s.b.f.s.DefaultListableBeanFactory     : Creating shared instance of singleton bean 'adminRepository'
2023-11-15T17:20:09.625+05:30 DEBUG 7395 --- [           main] o.s.b.f.s.DefaultListableBeanFactory     : Creating shared instance of singleton bean 'jpa.named-queries#11'
2023-11-15T17:20:09.626+05:30 DEBUG 7395 --- [           main] o.s.b.f.s.DefaultListableBeanFactory     : Creating shared instance of singleton bean 'jpa.AdminRepository.fragments#0'
2023-11-15T17:20:09.626+05:30 DEBUG 7395 --- [           main] tor$SharedEntityManagerInvocationHandler : Creating new EntityManager for shared EntityManager invocation
2023-11-15T17:20:09.630+05:30 DEBUG 7395 --- [           main] o.s.d.r.c.s.RepositoryFactorySupport     : Initializing repository instance for com.ecommerce.library.Repository.UserRepos.AdminRepository?
2023-11-15T17:20:09.630+05:30 DEBUG 7395 --- [           main] tor$SharedEntityManagerInvocationHandler : Creating new EntityManager for shared EntityManager invocation
2023-11-15T17:20:09.649+05:30 DEBUG 7395 --- [           main] o.s.d.jpa.repository.query.NamedQuery    : Did not find named query Admin.changePassword.count
2023-11-15T17:20:09.649+05:30 DEBUG 7395 --- [           main] tor$SharedEntityManagerInvocationHandler : Creating new EntityManager for shared EntityManager invocation
2023-11-15T17:20:09.650+05:30 DEBUG 7395 --- [           main] o.s.d.jpa.repository.query.NamedQuery    : Looking up named query Admin.existsAdminByUsername
2023-11-15T17:20:09.650+05:30 DEBUG 7395 --- [           main] o.s.d.jpa.repository.query.NamedQuery    : Did not find named query Admin.existsAdminByUsername
2023-11-15T17:20:09.651+05:30 DEBUG 7395 --- [           main] tor$SharedEntityManagerInvocationHandler : Creating new EntityManager for shared EntityManager invocation
2023-11-15T17:20:09.652+05:30 DEBUG 7395 --- [           main] o.s.d.jpa.repository.query.NamedQuery    : Looking up named query Admin.findByUsername
2023-11-15T17:20:09.652+05:30 DEBUG 7395 --- [           main] o.s.d.jpa.repository.query.NamedQuery    : Did not find named query Admin.findByUsername
2023-11-15T17:20:09.652+05:30 DEBUG 7395 --- [           main] tor$SharedEntityManagerInvocationHandler : Creating new EntityManager for shared EntityManager invocation
2023-11-15T17:20:09.654+05:30 DEBUG 7395 --- [           main] o.s.d.r.c.s.RepositoryFactorySupport     : Finished creation of repository instance for com.ecommerce.library.Repository.UserRepos.AdminRepository.
2023-11-15T17:20:09.655+05:30 DEBUG 7395 --- [           main] o.s.b.f.s.DefaultListableBeanFactory     : Creating shared instance of singleton bean 'roleRepository'
2023-11-15T17:20:09.656+05:30 DEBUG 7395 --- [           main] o.s.b.f.s.DefaultListableBeanFactory     : Creating shared instance of singleton bean 'jpa.named-queries#14'
2023-11-15T17:20:09.657+05:30 DEBUG 7395 --- [           main] o.s.b.f.s.DefaultListableBeanFactory     : Creating shared instance of singleton bean 'jpa.RoleRepository.fragments#0'
2023-11-15T17:20:09.658+05:30 DEBUG 7395 --- [           main] tor$SharedEntityManagerInvocationHandler : Creating new EntityManager for shared EntityManager invocation
2023-11-15T17:20:09.658+05:30 DEBUG 7395 --- [           main] o.s.d.r.c.s.RepositoryFactorySupport     : Initializing repository instance for com.ecommerce.library.Repository.UserRepos.RoleRepository?
2023-11-15T17:20:09.658+05:30 DEBUG 7395 --- [           main] tor$SharedEntityManagerInvocationHandler : Creating new EntityManager for shared EntityManager invocation
2023-11-15T17:20:09.683+05:30 DEBUG 7395 --- [           main] o.s.d.jpa.repository.query.NamedQuery    : Looking up named query Role.findByRole
2023-11-15T17:20:09.683+05:30 DEBUG 7395 --- [           main] o.s.d.jpa.repository.query.NamedQuery    : Did not find named query Role.findByRole
2023-11-15T17:20:09.683+05:30 DEBUG 7395 --- [           main] tor$SharedEntityManagerInvocationHandler : Creating new EntityManager for shared EntityManager invocation
2023-11-15T17:20:09.686+05:30 DEBUG 7395 --- [           main] o.s.d.r.c.s.RepositoryFactorySupport     : Finished creation of repository instance for com.ecommerce.library.Repository.UserRepos.RoleRepository.
2023-11-15T17:20:09.688+05:30 DEBUG 7395 --- [           main] o.s.b.f.s.DefaultListableBeanFactory     : Creating shared instance of singleton bean 'bCryptPasswordEncoder'
2023-11-15T17:20:09.688+05:30 DEBUG 7395 --- [           main] o.s.b.f.s.DefaultListableBeanFactory     : Creating shared instance of singleton bean 'commonBeansConfig'
2023-11-15T17:20:09.694+05:30 DEBUG 7395 --- [           main] o.s.b.f.s.DefaultListableBeanFactory     : Creating shared instance of singleton bean 'tokenRepo'
2023-11-15T17:20:09.695+05:30 DEBUG 7395 --- [           main] o.s.b.f.s.DefaultListableBeanFactory     : Creating shared instance of singleton bean 'jpa.named-queries#1'
2023-11-15T17:20:09.696+05:30 DEBUG 7395 --- [           main] o.s.b.f.s.DefaultListableBeanFactory     : Creating shared instance of singleton bean 'jpa.TokenRepo.fragments#0'
2023-11-15T17:20:09.696+05:30 DEBUG 7395 --- [           main] tor$SharedEntityManagerInvocationHandler : Creating new EntityManager for shared EntityManager invocation
2023-11-15T17:20:09.699+05:30 DEBUG 7395 --- [           main] o.s.d.r.c.s.RepositoryFactorySupport     : Initializing repository instance for com.ecommerce.library.Repository.UtilRepos.TokenRepo?
2023-11-15T17:20:09.700+05:30 DEBUG 7395 --- [           main] tor$SharedEntityManagerInvocationHandler : Creating new EntityManager for shared EntityManager invocation
2023-11-15T17:20:09.723+05:30 DEBUG 7395 --- [           main] o.s.d.jpa.repository.query.NamedQuery    : Looking up named query Token.existsByToken
2023-11-15T17:20:09.723+05:30 DEBUG 7395 --- [           main] o.s.d.jpa.repository.query.NamedQuery    : Did not find named query Token.existsByToken
2023-11-15T17:20:09.723+05:30 DEBUG 7395 --- [           main] tor$SharedEntityManagerInvocationHandler : Creating new EntityManager for shared EntityManager invocation
2023-11-15T17:20:09.724+05:30 DEBUG 7395 --- [           main] o.s.d.jpa.repository.query.NamedQuery    : Looking up named query Token.deleteByUsername
2023-11-15T17:20:09.724+05:30 DEBUG 7395 --- [           main] o.s.d.jpa.repository.query.NamedQuery    : Did not find named query Token.deleteByUsername
2023-11-15T17:20:09.725+05:30 DEBUG 7395 --- [           main] tor$SharedEntityManagerInvocationHandler : Creating new EntityManager for shared EntityManager invocation
2023-11-15T17:20:09.725+05:30 DEBUG 7395 --- [           main] o.s.d.jpa.repository.query.NamedQuery    : Looking up named query Token.findByUsernameAndTokenFor
2023-11-15T17:20:09.725+05:30 DEBUG 7395 --- [           main] o.s.d.jpa.repository.query.NamedQuery    : Did not find named query Token.findByUsernameAndTokenFor
2023-11-15T17:20:09.725+05:30 DEBUG 7395 --- [           main] tor$SharedEntityManagerInvocationHandler : Creating new EntityManager for shared EntityManager invocation
2023-11-15T17:20:09.727+05:30 DEBUG 7395 --- [           main] o.s.d.jpa.repository.query.NamedQuery    : Looking up named query Token.findByToken
2023-11-15T17:20:09.727+05:30 DEBUG 7395 --- [           main] o.s.d.jpa.repository.query.NamedQuery    : Did not find named query Token.findByToken
2023-11-15T17:20:09.727+05:30 DEBUG 7395 --- [           main] tor$SharedEntityManagerInvocationHandler : Creating new EntityManager for shared EntityManager invocation
2023-11-15T17:20:09.729+05:30 DEBUG 7395 --- [           main] o.s.d.r.c.s.RepositoryFactorySupport     : Finished creation of repository instance for com.ecommerce.library.Repository.UtilRepos.TokenRepo.
2023-11-15T17:20:09.730+05:30 DEBUG 7395 --- [           main] o.s.b.f.s.DefaultListableBeanFactory     : Creating shared instance of singleton bean 'tokenServiceImpl'
2023-11-15T17:20:09.731+05:30 DEBUG 7395 --- [           main] o.s.b.f.s.DefaultListableBeanFactory     : Creating shared instance of singleton bean 'mailServiceImpl'
2023-11-15T17:20:09.731+05:30 DEBUG 7395 --- [           main] o.s.b.f.s.DefaultListableBeanFactory     : Creating shared instance of singleton bean 'javaMailSender'
2023-11-15T17:20:09.731+05:30 DEBUG 7395 --- [           main] o.s.b.f.s.DefaultListableBeanFactory     : Creating shared instance of singleton bean 'emailConfig'
2023-11-15T17:20:09.742+05:30 DEBUG 7395 --- [           main] o.s.b.f.s.DefaultListableBeanFactory     : Autowiring by type from bean name 'mailServiceImpl' via constructor to bean named 'javaMailSender'
2023-11-15T17:20:09.742+05:30 DEBUG 7395 --- [           main] o.s.b.f.s.DefaultListableBeanFactory     : Autowiring by type from bean name 'mailServiceImpl' via constructor to bean named 'customerRepository'
2023-11-15T17:20:09.742+05:30 DEBUG 7395 --- [           main] o.s.b.f.s.DefaultListableBeanFactory     : Autowiring by type from bean name 'tokenServiceImpl' via constructor to bean named 'tokenRepo'
2023-11-15T17:20:09.742+05:30 DEBUG 7395 --- [           main] o.s.b.f.s.DefaultListableBeanFactory     : Autowiring by type from bean name 'tokenServiceImpl' via constructor to bean named 'mailServiceImpl'
2023-11-15T17:20:09.743+05:30 DEBUG 7395 --- [           main] o.s.b.f.s.DefaultListableBeanFactory     : Autowiring by type from bean name 'adminServiceImpl' via constructor to bean named 'adminRepository'
2023-11-15T17:20:09.743+05:30 DEBUG 7395 --- [           main] o.s.b.f.s.DefaultListableBeanFactory     : Autowiring by type from bean name 'adminServiceImpl' via constructor to bean named 'roleRepository'
2023-11-15T17:20:09.743+05:30 DEBUG 7395 --- [           main] o.s.b.f.s.DefaultListableBeanFactory     : Autowiring by type from bean name 'adminServiceImpl' via constructor to bean named 'bCryptPasswordEncoder'
2023-11-15T17:20:09.743+05:30 DEBUG 7395 --- [           main] o.s.b.f.s.DefaultListableBeanFactory     : Autowiring by type from bean name 'adminServiceImpl' via constructor to bean named 'tokenRepo'
2023-11-15T17:20:09.743+05:30 DEBUG 7395 --- [           main] o.s.b.f.s.DefaultListableBeanFactory     : Autowiring by type from bean name 'adminServiceImpl' via constructor to bean named 'tokenServiceImpl'
2023-11-15T17:20:09.743+05:30 DEBUG 7395 --- [           main] o.s.b.f.s.DefaultListableBeanFactory     : Autowiring by type from bean name 'otpServiceImpl' via constructor to bean named 'otpRepo'
2023-11-15T17:20:09.743+05:30 DEBUG 7395 --- [           main] o.s.b.f.s.DefaultListableBeanFactory     : Autowiring by type from bean name 'otpServiceImpl' via constructor to bean named 'adminServiceImpl'
2023-11-15T17:20:09.743+05:30 DEBUG 7395 --- [           main] o.s.b.f.s.DefaultListableBeanFactory     : Autowiring by type from bean name 'otpServiceImpl' via constructor to bean named 'mailServiceImpl'
2023-11-15T17:20:09.744+05:30 DEBUG 7395 --- [           main] o.s.b.f.s.DefaultListableBeanFactory     : Creating shared instance of singleton bean 'walletRepo'
2023-11-15T17:20:09.745+05:30 DEBUG 7395 --- [           main] o.s.b.f.s.DefaultListableBeanFactory     : Creating shared instance of singleton bean 'jpa.named-queries#6'
2023-11-15T17:20:09.746+05:30 DEBUG 7395 --- [           main] o.s.b.f.s.DefaultListableBeanFactory     : Creating shared instance of singleton bean 'jpa.WalletRepo.fragments#0'
2023-11-15T17:20:09.746+05:30 DEBUG 7395 --- [           main] tor$SharedEntityManagerInvocationHandler : Creating new EntityManager for shared EntityManager invocation
2023-11-15T17:20:09.746+05:30 DEBUG 7395 --- [           main] o.s.d.r.c.s.RepositoryFactorySupport     : Initializing repository instance for com.ecommerce.library.Repository.UserRepos.WalletRepo?
2023-11-15T17:20:09.747+05:30 DEBUG 7395 --- [           main] tor$SharedEntityManagerInvocationHandler : Creating new EntityManager for shared EntityManager invocation
2023-11-15T17:20:09.761+05:30 DEBUG 7395 --- [           main] o.s.d.jpa.repository.query.NamedQuery    : Did not find named query Wallet.setWalletBalance.count
2023-11-15T17:20:09.761+05:30 DEBUG 7395 --- [           main] tor$SharedEntityManagerInvocationHandler : Creating new EntityManager for shared EntityManager invocation
2023-11-15T17:20:09.762+05:30 DEBUG 7395 --- [           main] o.s.d.jpa.repository.query.NamedQuery    : Did not find named query Wallet.findByEmail.count
2023-11-15T17:20:09.762+05:30 DEBUG 7395 --- [           main] tor$SharedEntityManagerInvocationHandler : Creating new EntityManager for shared EntityManager invocation
2023-11-15T17:20:09.764+05:30 DEBUG 7395 --- [           main] o.s.d.jpa.repository.query.NamedQuery    : Did not find named query Wallet.existsByCustomerEmail.count
2023-11-15T17:20:09.764+05:30 DEBUG 7395 --- [           main] tor$SharedEntityManagerInvocationHandler : Creating new EntityManager for shared EntityManager invocation
2023-11-15T17:20:09.767+05:30 DEBUG 7395 --- [           main] o.s.d.r.c.s.RepositoryFactorySupport     : Finished creation of repository instance for com.ecommerce.library.Repository.UserRepos.WalletRepo.
2023-11-15T17:20:09.768+05:30 DEBUG 7395 --- [           main] o.s.b.f.s.DefaultListableBeanFactory     : Creating shared instance of singleton bean 'taskOffersRepo'
2023-11-15T17:20:09.769+05:30 DEBUG 7395 --- [           main] o.s.b.f.s.DefaultListableBeanFactory     : Creating shared instance of singleton bean 'jpa.named-queries#3'
2023-11-15T17:20:09.770+05:30 DEBUG 7395 --- [           main] o.s.b.f.s.DefaultListableBeanFactory     : Creating shared instance of singleton bean 'jpa.TaskOffersRepo.fragments#0'
2023-11-15T17:20:09.770+05:30 DEBUG 7395 --- [           main] tor$SharedEntityManagerInvocationHandler : Creating new EntityManager for shared EntityManager invocation
2023-11-15T17:20:09.771+05:30 DEBUG 7395 --- [           main] o.s.d.r.c.s.RepositoryFactorySupport     : Initializing repository instance for com.ecommerce.library.Repository.UserRepos.TaskOffersRepo?
2023-11-15T17:20:09.772+05:30 DEBUG 7395 --- [           main] tor$SharedEntityManagerInvocationHandler : Creating new EntityManager for shared EntityManager invocation
2023-11-15T17:20:09.787+05:30 DEBUG 7395 --- [           main] o.s.d.jpa.repository.query.NamedQuery    : Did not find named query TaskOffers.isOfferEnabled.count
2023-11-15T17:20:09.787+05:30 DEBUG 7395 --- [           main] tor$SharedEntityManagerInvocationHandler : Creating new EntityManager for shared EntityManager invocation
2023-11-15T17:20:09.791+05:30 DEBUG 7395 --- [           main] o.s.d.jpa.repository.query.NamedQuery    : Did not find named query TaskOffers.enableOrDisable.count
2023-11-15T17:20:09.791+05:30 DEBUG 7395 --- [           main] tor$SharedEntityManagerInvocationHandler : Creating new EntityManager for shared EntityManager invocation
2023-11-15T17:20:09.794+05:30 DEBUG 7395 --- [           main] o.s.d.r.c.s.RepositoryFactorySupport     : Finished creation of repository instance for com.ecommerce.library.Repository.UserRepos.TaskOffersRepo.
2023-11-15T17:20:09.794+05:30 DEBUG 7395 --- [           main] o.s.b.f.s.DefaultListableBeanFactory     : Autowiring by type from bean name 'customerServiceImpl' via constructor to bean named 'customerRepository'
2023-11-15T17:20:09.794+05:30 DEBUG 7395 --- [           main] o.s.b.f.s.DefaultListableBeanFactory     : Autowiring by type from bean name 'customerServiceImpl' via constructor to bean named 'otpServiceImpl'
2023-11-15T17:20:09.794+05:30 DEBUG 7395 --- [           main] o.s.b.f.s.DefaultListableBeanFactory     : Autowiring by type from bean name 'customerServiceImpl' via constructor to bean named 'bCryptPasswordEncoder'
2023-11-15T17:20:09.794+05:30 DEBUG 7395 --- [           main] o.s.b.f.s.DefaultListableBeanFactory     : Autowiring by type from bean name 'customerServiceImpl' via constructor to bean named 'tokenServiceImpl'
2023-11-15T17:20:09.794+05:30 DEBUG 7395 --- [           main] o.s.b.f.s.DefaultListableBeanFactory     : Autowiring by type from bean name 'customerServiceImpl' via constructor to bean named 'walletRepo'
2023-11-15T17:20:09.794+05:30 DEBUG 7395 --- [           main] o.s.b.f.s.DefaultListableBeanFactory     : Autowiring by type from bean name 'customerServiceImpl' via constructor to bean named 'taskOffersRepo'
2023-11-15T17:20:09.794+05:30 DEBUG 7395 --- [           main] o.s.b.f.s.DefaultListableBeanFactory     : Autowiring by type from bean name 'customerServiceImpl' via constructor to bean named 'adminRepository'
2023-11-15T17:20:09.810+05:30 DEBUG 7395 --- [           main] o.s.b.f.s.DefaultListableBeanFactory     : Creating shared instance of singleton bean 'cartItemRepo'
2023-11-15T17:20:09.811+05:30 DEBUG 7395 --- [           main] o.s.b.f.s.DefaultListableBeanFactory     : Creating shared instance of singleton bean 'jpa.named-queries#5'
2023-11-15T17:20:09.811+05:30 DEBUG 7395 --- [           main] o.s.b.f.s.DefaultListableBeanFactory     : Creating shared instance of singleton bean 'jpa.CartItemRepo.fragments#0'
2023-11-15T17:20:09.812+05:30 DEBUG 7395 --- [           main] tor$SharedEntityManagerInvocationHandler : Creating new EntityManager for shared EntityManager invocation
2023-11-15T17:20:09.812+05:30 DEBUG 7395 --- [           main] o.s.d.r.c.s.RepositoryFactorySupport     : Initializing repository instance for com.ecommerce.library.Repository.UserRepos.CartItemRepo?
2023-11-15T17:20:09.813+05:30 DEBUG 7395 --- [           main] tor$SharedEntityManagerInvocationHandler : Creating new EntityManager for shared EntityManager invocation
2023-11-15T17:20:09.831+05:30 DEBUG 7395 --- [           main] o.s.d.jpa.repository.query.NamedQuery    : Did not find named query CartItem.deleteByCartId.count
2023-11-15T17:20:09.831+05:30 DEBUG 7395 --- [           main] tor$SharedEntityManagerInvocationHandler : Creating new EntityManager for shared EntityManager invocation
2023-11-15T17:20:09.838+05:30 DEBUG 7395 --- [           main] o.s.d.jpa.repository.query.NamedQuery    : Did not find named query CartItem.updateCartItemsPriceAfterNewCoupon.count
2023-11-15T17:20:09.839+05:30 DEBUG 7395 --- [           main] tor$SharedEntityManagerInvocationHandler : Creating new EntityManager for shared EntityManager invocation
2023-11-15T17:20:09.840+05:30 DEBUG 7395 --- [           main] o.s.d.jpa.repository.query.NamedQuery    : Did not find named query CartItem.resetCartItemsPrice.count
2023-11-15T17:20:09.840+05:30 DEBUG 7395 --- [           main] tor$SharedEntityManagerInvocationHandler : Creating new EntityManager for shared EntityManager invocation
2023-11-15T17:20:09.842+05:30 DEBUG 7395 --- [           main] o.s.d.jpa.repository.query.NamedQuery    : Did not find named query CartItem.removeItem.count
2023-11-15T17:20:09.842+05:30 DEBUG 7395 --- [           main] tor$SharedEntityManagerInvocationHandler : Creating new EntityManager for shared EntityManager invocation
2023-11-15T17:20:09.844+05:30 DEBUG 7395 --- [           main] o.s.d.jpa.repository.query.NamedQuery    : Did not find named query CartItem.getCartItemPriceById.count
2023-11-15T17:20:09.845+05:30 DEBUG 7395 --- [           main] tor$SharedEntityManagerInvocationHandler : Creating new EntityManager for shared EntityManager invocation
2023-11-15T17:20:09.847+05:30 DEBUG 7395 --- [           main] o.s.d.r.c.s.RepositoryFactorySupport     : Finished creation of repository instance for com.ecommerce.library.Repository.UserRepos.CartItemRepo.
2023-11-15T17:20:09.849+05:30 DEBUG 7395 --- [           main] o.s.b.f.s.DefaultListableBeanFactory     : Creating shared instance of singleton bean 'productServiceImpl'
[...]

   RSocketRequesterAutoConfiguration:
      Did not match:
         - @ConditionalOnClass did not find required class 'io.rsocket.RSocket' (OnClassCondition)

   RSocketSecurityAutoConfiguration:
      Did not match:
         - @ConditionalOnClass did not find required class 'org.springframework.security.rsocket.core.SecuritySocketAcceptorInterceptor' (OnClassCondition)

   RSocketServerAutoConfiguration:
      Did not match:
         - @ConditionalOnClass did not find required class 'io.rsocket.core.RSocketServer' (OnClassCondition)

   RSocketStrategiesAutoConfiguration:
      Did not match:
         - @ConditionalOnClass did not find required class 'io.netty.buffer.PooledByteBufAllocator' (OnClassCondition)

   RabbitAutoConfiguration:
      Did not match:
         - @ConditionalOnClass did not find required class 'com.rabbitmq.client.Channel' (OnClassCondition)

   ReactiveElasticsearchClientAutoConfiguration:
      Did not match:
         - @ConditionalOnClass did not find required class 'co.elastic.clients.transport.ElasticsearchTransport' (OnClassCondition)

   ReactiveElasticsearchRepositoriesAutoConfiguration:
      Did not match:
         - @ConditionalOnClass did not find required class 'org.springframework.data.elasticsearch.client.elc.ReactiveElasticsearchClient' (OnClassCondition)

   ReactiveMultipartAutoConfiguration:
      Did not match:
         - @ConditionalOnClass did not find required class 'org.springframework.web.reactive.config.WebFluxConfigurer' (OnClassCondition)

   ReactiveOAuth2ClientAutoConfiguration:
      Did not match:
         - @ConditionalOnClass did not find required class 'reactor.core.publisher.Flux' (OnClassCondition)

   ReactiveOAuth2ResourceServerAutoConfiguration:
      Did not match:
         - @ConditionalOnWebApplication did not find reactive web application classes (OnWebApplicationCondition)

   ReactiveSecurityAutoConfiguration:
      Did not match:
         - @ConditionalOnClass did not find required class 'reactor.core.publisher.Flux' (OnClassCondition)

   ReactiveUserDetailsServiceAutoConfiguration:
      Did not match:
         - AnyNestedCondition 0 matched 2 did not; NestedCondition on ReactiveUserDetailsServiceAutoConfiguration.ReactiveUserDetailsServiceCondition.ReactiveWebApplicationCondition did not find reactive web application classes; NestedCondition on ReactiveUserDetailsServiceAutoConfiguration.ReactiveUserDetailsServiceCondition.RSocketSecurityEnabledCondition @ConditionalOnBean (types: org.springframework.messaging.rsocket.annotation.support.RSocketMessageHandler; SearchStrategy: all) did not find any beans of type org.springframework.messaging.rsocket.annotation.support.RSocketMessageHandler (ReactiveUserDetailsServiceAutoConfiguration.ReactiveUserDetailsServiceCondition)
      Matched:
         - @ConditionalOnClass found required class 'org.springframework.security.authentication.ReactiveAuthenticationManager' (OnClassCondition)

   ReactiveWebServerFactoryAutoConfiguration:
      Did not match:
         - @ConditionalOnWebApplication did not find reactive web application classes (OnWebApplicationCondition)

   RedisAutoConfiguration:
      Did not match:
         - @ConditionalOnClass did not find required class 'org.springframework.data.redis.core.RedisOperations' (OnClassCondition)

   RedisCacheConfiguration:
      Did not match:
         - @ConditionalOnClass did not find required class 'org.springframework.data.redis.connection.RedisConnectionFactory' (OnClassCondition)

   RedisReactiveAutoConfiguration:
      Did not match:
         - @ConditionalOnClass did not find required class 'reactor.core.publisher.Flux' (OnClassCondition)

   RedisRepositoriesAutoConfiguration:
      Did not match:
         - @ConditionalOnClass did not find required class 'org.springframework.data.redis.repository.configuration.EnableRedisRepositories' (OnClassCondition)

   RemoteDevToolsAutoConfiguration:
      Did not match:
         - @ConditionalOnProperty (spring.devtools.remote.secret) did not find property 'secret' (OnPropertyCondition)
      Matched:
         - @ConditionalOnClass found required classes 'jakarta.servlet.Filter', 'org.springframework.http.server.ServerHttpRequest' (OnClassCondition)

   RepositoryRestMvcAutoConfiguration:
      Did not match:
         - @ConditionalOnClass did not find required class 'org.springframework.data.rest.webmvc.config.RepositoryRestMvcConfiguration' (OnClassCondition)

   Saml2RelyingPartyAutoConfiguration:
      Did not match:
         - @ConditionalOnClass did not find required class 'org.springframework.security.saml2.provider.service.registration.RelyingPartyRegistrationRepository' (OnClassCondition)

   SecurityDataConfiguration:
      Did not match:
         - @ConditionalOnClass did not find required class 'org.springframework.security.data.repository.query.SecurityEvaluationContextExtension' (OnClassCondition)

   SendGridAutoConfiguration:
      Did not match:
         - @ConditionalOnClass did not find required class 'com.sendgrid.SendGrid' (OnClassCondition)

   ServletWebServerFactoryAutoConfiguration.ForwardedHeaderFilterConfiguration:
      Did not match:
         - @ConditionalOnProperty (server.forward-headers-strategy=framework) did not find property 'server.forward-headers-strategy' (OnPropertyCondition)

   ServletWebServerFactoryConfiguration.EmbeddedJetty:
      Did not match:
         - @ConditionalOnClass did not find required classes 'org.eclipse.jetty.server.Server', 'org.eclipse.jetty.util.Loader', 'org.eclipse.jetty.webapp.WebAppContext' (OnClassCondition)

   ServletWebServerFactoryConfiguration.EmbeddedUndertow:
      Did not match:
         - @ConditionalOnClass did not find required classes 'io.undertow.Undertow', 'org.xnio.SslClientAuthMode' (OnClassCondition)

   SessionAutoConfiguration:
      Did not match:
         - @ConditionalOnClass did not find required class 'org.springframework.session.Session' (OnClassCondition)

   SpringApplicationAdminJmxAutoConfiguration:
      Did not match:
         - @ConditionalOnProperty (spring.application.admin.enabled=true) did not find property 'enabled' (OnPropertyCondition)

   SpringBootWebSecurityConfiguration.SecurityFilterChainConfiguration:
      Did not match:
         - AllNestedConditions 1 matched 1 did not; NestedCondition on DefaultWebSecurityCondition.Beans @ConditionalOnMissingBean (types: org.springframework.security.web.SecurityFilterChain; SearchStrategy: all) found beans of type 'org.springframework.security.web.SecurityFilterChain' securityFilterChain; NestedCondition on DefaultWebSecurityCondition.Classes @ConditionalOnClass found required classes 'org.springframework.security.web.SecurityFilterChain', 'org.springframework.security.config.annotation.web.builders.HttpSecurity' (DefaultWebSecurityCondition)

   SpringBootWebSecurityConfiguration.WebSecurityEnablerConfiguration:
      Did not match:
         - @ConditionalOnMissingBean (names: springSecurityFilterChain; SearchStrategy: all) found beans named springSecurityFilterChain (OnBeanCondition)
      Matched:
         - @ConditionalOnClass found required class 'org.springframework.security.config.annotation.web.configuration.EnableWebSecurity' (OnClassCondition)

   TaskSchedulingAutoConfiguration#scheduledBeanLazyInitializationExcludeFilter:
      Did not match:
         - @ConditionalOnBean (names: org.springframework.context.annotation.internalScheduledAnnotationProcessor; SearchStrategy: all) did not find any beans named org.springframework.context.annotation.internalScheduledAnnotationProcessor (OnBeanCondition)

   TaskSchedulingAutoConfiguration#taskScheduler:
      Did not match:
         - @ConditionalOnBean (names: org.springframework.context.annotation.internalScheduledAnnotationProcessor; SearchStrategy: all) did not find any beans named org.springframework.context.annotation.internalScheduledAnnotationProcessor (OnBeanCondition)

   TemplateEngineConfigurations.ReactiveTemplateEngineConfiguration:
      Did not match:
         - did not find reactive web application classes (OnWebApplicationCondition)

   ThymeleafAutoConfiguration.DataAttributeDialectConfiguration:
      Did not match:
         - @ConditionalOnClass did not find required class 'com.github.mxab.thymeleaf.extras.dataattribute.dialect.DataAttributeDialect' (OnClassCondition)

   ThymeleafAutoConfiguration.ThymeleafWebFluxConfiguration:
      Did not match:
         - did not find reactive web application classes (OnWebApplicationCondition)

   ThymeleafAutoConfiguration.ThymeleafWebLayoutConfiguration:
      Did not match:
         - @ConditionalOnClass did not find required class 'nz.net.ultraq.thymeleaf.layoutdialect.LayoutDialect' (OnClassCondition)

   ThymeleafAutoConfiguration.ThymeleafWebMvcConfiguration#resourceUrlEncodingFilter:
      Did not match:
         - @ConditionalOnEnabledResourceChain did not find class org.webjars.WebJarAssetLocator (OnEnabledResourceChainCondition)

   TransactionAutoConfiguration#transactionalOperator:
      Did not match:
         - @ConditionalOnSingleCandidate (types: org.springframework.transaction.ReactiveTransactionManager; SearchStrategy: all) did not find any beans (OnBeanCondition)

   TransactionAutoConfiguration.EnableTransactionManagementConfiguration.JdkDynamicAutoProxyConfiguration:
      Did not match:
         - @ConditionalOnProperty (spring.aop.proxy-target-class=false) did not find property 'proxy-target-class' (OnPropertyCondition)

   UserDetailsServiceAutoConfiguration:
      Did not match:
         - @ConditionalOnMissingBean (types: org.springframework.security.authentication.AuthenticationManager,org.springframework.security.authentication.AuthenticationProvider,org.springframework.security.core.userdetails.UserDetailsService,org.springframework.security.authentication.AuthenticationManagerResolver,org.springframework.security.oauth2.jwt.JwtDecoder,org.springframework.security.oauth2.server.resource.introspection.OpaqueTokenIntrospector,org.springframework.security.oauth2.client.registration.ClientRegistrationRepository,org.springframework.security.saml2.provider.service.registration.RelyingPartyRegistrationRepository; SearchStrategy: all) found beans of type 'org.springframework.security.core.userdetails.UserDetailsService' adminDetailsService and found beans of type 'org.springframework.security.authentication.AuthenticationProvider' customAuthenticationProvider (OnBeanCondition)
      Matched:
         - @ConditionalOnClass found required class 'org.springframework.security.authentication.AuthenticationManager' (OnClassCondition)

   WebClientAutoConfiguration:
      Did not match:
         - @ConditionalOnClass did not find required class 'org.springframework.web.reactive.function.client.WebClient' (OnClassCondition)

   WebFluxAutoConfiguration:
      Did not match:
         - @ConditionalOnClass did not find required class 'org.springframework.web.reactive.config.WebFluxConfigurer' (OnClassCondition)

   WebMvcAutoConfiguration#hiddenHttpMethodFilter:
      Did not match:
         - @ConditionalOnProperty (spring.mvc.hiddenmethod.filter.enabled) did not find property 'enabled' (OnPropertyCondition)

   WebMvcAutoConfiguration.ProblemDetailsErrorHandlingConfiguration:
      Did not match:
         - @ConditionalOnProperty (spring.mvc.problemdetails.enabled=true) did not find property 'enabled' (OnPropertyCondition)

   WebMvcAutoConfiguration.ResourceChainCustomizerConfiguration:
      Did not match:
         - @ConditionalOnEnabledResourceChain did not find class org.webjars.WebJarAssetLocator (OnEnabledResourceChainCondition)

   WebMvcAutoConfiguration.WebMvcAutoConfigurationAdapter#beanNameViewResolver:
      Did not match:
         - @ConditionalOnMissingBean (types: org.springframework.web.servlet.view.BeanNameViewResolver; SearchStrategy: all) found beans of type 'org.springframework.web.servlet.view.BeanNameViewResolver' beanNameViewResolver (OnBeanCondition)

   WebServiceTemplateAutoConfiguration:
      Did not match:
         - @ConditionalOnClass did not find required class 'org.springframework.oxm.Marshaller' (OnClassCondition)

   WebServicesAutoConfiguration:
      Did not match:
         - @ConditionalOnClass did not find required class 'org.springframework.ws.transport.http.MessageDispatcherServlet' (OnClassCondition)

   WebSessionIdResolverAutoConfiguration:
      Did not match:
         - @ConditionalOnClass did not find required class 'reactor.core.publisher.Mono' (OnClassCondition)

   WebSocketMessagingAutoConfiguration:
      Did not match:
         - @ConditionalOnClass did not find required class 'org.springframework.web.socket.config.annotation.WebSocketMessageBrokerConfigurer' (OnClassCondition)

   WebSocketReactiveAutoConfiguration:
      Did not match:
         - @ConditionalOnWebApplication did not find reactive web application classes (OnWebApplicationCondition)

   WebSocketServletAutoConfiguration.JettyWebSocketConfiguration:
      Did not match:
         - @ConditionalOnClass did not find required class 'org.eclipse.jetty.websocket.jakarta.server.config.JakartaWebSocketServletContainerInitializer' (OnClassCondition)

   WebSocketServletAutoConfiguration.UndertowWebSocketConfiguration:
      Did not match:
         - @ConditionalOnClass did not find required class 'io.undertow.websockets.jsr.Bootstrap' (OnClassCondition)

   XADataSourceAutoConfiguration:
      Did not match:
         - @ConditionalOnBean (types: org.springframework.boot.jdbc.XADataSourceWrapper; SearchStrategy: all) did not find any beans of type org.springframework.boot.jdbc.XADataSourceWrapper (OnBeanCondition)
      Matched:
         - @ConditionalOnClass found required classes 'javax.sql.DataSource', 'jakarta.transaction.TransactionManager', 'org.springframework.jdbc.datasource.embedded.EmbeddedDatabaseType' (OnClassCondition)


Exclusions:
-----------

    None


Unconditional classes:
----------------------

    org.springframework.boot.autoconfigure.context.ConfigurationPropertiesAutoConfiguration

    org.springframework.boot.autoconfigure.ssl.SslAutoConfiguration

    org.springframework.boot.autoconfigure.context.LifecycleAutoConfiguration

    org.springframework.boot.autoconfigure.context.PropertyPlaceholderAutoConfiguration

    org.springframework.boot.autoconfigure.availability.ApplicationAvailabilityAutoConfiguration

    org.springframework.boot.autoconfigure.info.ProjectInfoAutoConfiguration



2023-11-15T17:20:11.263+05:30  INFO 7395 --- [           main] c.ecommerce.admin.AdminApplicationTests  : Started AdminApplicationTests in 4.967 seconds (process running for 5.531)
2023-11-15T17:20:11.265+05:30 DEBUG 7395 --- [           main] o.s.b.a.ApplicationAvailabilityBean      : Application availability state LivenessState changed to CORRECT
2023-11-15T17:20:11.266+05:30 DEBUG 7395 --- [           main] o.s.boot.devtools.restart.Restarter      : Creating new Restarter for thread Thread[main,5,main]
2023-11-15T17:20:11.266+05:30 DEBUG 7395 --- [           main] o.s.b.a.ApplicationAvailabilityBean      : Application availability state ReadinessState changed to ACCEPTING_TRAFFIC
2023-11-15T17:20:11.267+05:30 DEBUG 7395 --- [           main] org.springframework.test.context.cache   : Spring test ApplicationContext cache statistics: [DefaultContextCache@569ac51e size = 1, maxSize = 32, parentContextCount = 0, hitCount = 0, missCount = 1]
2023-11-15T17:20:11.267+05:30 DEBUG 7395 --- [           main] o.s.t.c.w.ServletTestExecutionListener   : Setting up MockHttpServletRequest, MockHttpServletResponse, ServletWebRequest, and RequestContextHolder for test class com.ecommerce.admin.AdminApplicationTests
2023-11-15T17:20:11.275+05:30 DEBUG 7395 --- [           main] DependencyInjectionTestExecutionListener : Performing dependency injection for test class com.ecommerce.admin.AdminApplicationTests
2023-11-15T17:20:11.275+05:30 DEBUG 7395 --- [           main] org.springframework.test.context.cache   : Spring test ApplicationContext cache statistics: [DefaultContextCache@569ac51e size = 1, maxSize = 32, parentContextCount = 0, hitCount = 1, missCount = 1]
2023-11-15T17:20:11.275+05:30 DEBUG 7395 --- [           main] org.springframework.test.context.cache   : Spring test ApplicationContext cache statistics: [DefaultContextCache@569ac51e size = 1, maxSize = 32, parentContextCount = 0, hitCount = 2, missCount = 1]
2023-11-15T17:20:11.278+05:30 DEBUG 7395 --- [           main] sContextBeforeModesTestExecutionListener : Before test method: class [AdminApplicationTests], method [contextLoads], class annotated with @DirtiesContext [false] with mode [null], method annotated with @DirtiesContext [false] with mode [null]
2023-11-15T17:20:11.280+05:30 DEBUG 7395 --- [           main] org.springframework.test.context.cache   : Spring test ApplicationContext cache statistics: [DefaultContextCache@569ac51e size = 1, maxSize = 32, parentContextCount = 0, hitCount = 3, missCount = 1]
2023-11-15T17:20:11.281+05:30 DEBUG 7395 --- [           main] org.springframework.test.context.cache   : Spring test ApplicationContext cache statistics: [DefaultContextCache@569ac51e size = 1, maxSize = 32, parentContextCount = 0, hitCount = 4, missCount = 1]
2023-11-15T17:20:11.620+05:30 DEBUG 7395 --- [           main] org.springframework.test.context.cache   : Spring test ApplicationContext cache statistics: [DefaultContextCache@569ac51e size = 1, maxSize = 32, parentContextCount = 0, hitCount = 5, missCount = 1]
2023-11-15T17:20:11.623+05:30 DEBUG 7395 --- [           main] org.springframework.test.context.cache   : Spring test ApplicationContext cache statistics: [DefaultContextCache@569ac51e size = 1, maxSize = 32, parentContextCount = 0, hitCount = 6, missCount = 1]
2023-11-15T17:20:11.623+05:30 DEBUG 7395 --- [           main] org.springframework.test.context.cache   : Spring test ApplicationContext cache statistics: [DefaultContextCache@569ac51e size = 1, maxSize = 32, parentContextCount = 0, hitCount = 7, missCount = 1]
2023-11-15T17:20:11.623+05:30 DEBUG 7395 --- [           main] org.springframework.test.context.cache   : Spring test ApplicationContext cache statistics: [DefaultContextCache@569ac51e size = 1, maxSize = 32, parentContextCount = 0, hitCount = 8, missCount = 1]
2023-11-15T17:20:11.624+05:30 DEBUG 7395 --- [           main] org.springframework.test.context.cache   : Spring test ApplicationContext cache statistics: [DefaultContextCache@569ac51e size = 1, maxSize = 32, parentContextCount = 0, hitCount = 9, missCount = 1]
2023-11-15T17:20:11.625+05:30 DEBUG 7395 --- [           main] org.springframework.test.context.cache   : Spring test ApplicationContext cache statistics: [DefaultContextCache@569ac51e size = 1, maxSize = 32, parentContextCount = 0, hitCount = 10, missCount = 1]
2023-11-15T17:20:11.626+05:30 DEBUG 7395 --- [           main] org.springframework.test.context.cache   : Spring test ApplicationContext cache statistics: [DefaultContextCache@569ac51e size = 1, maxSize = 32, parentContextCount = 0, hitCount = 11, missCount = 1]
2023-11-15T17:20:11.626+05:30 DEBUG 7395 --- [           main] org.springframework.test.context.cache   : Spring test ApplicationContext cache statistics: [DefaultContextCache@569ac51e size = 1, maxSize = 32, parentContextCount = 0, hitCount = 12, missCount = 1]
2023-11-15T17:20:11.627+05:30 DEBUG 7395 --- [           main] .c.s.DirtiesContextTestExecutionListener : After test method: class [AdminApplicationTests], method [contextLoads], class annotated with @DirtiesContext [false] with mode [null], method annotated with @DirtiesContext [false] with mode [null]
2023-11-15T17:20:11.627+05:30 DEBUG 7395 --- [           main] o.s.t.c.w.ServletTestExecutionListener   : Resetting RequestContextHolder for test class com.ecommerce.admin.AdminApplicationTests
]]></system-out>
  </testcase>
</testsuite>