<?xml version="1.0" encoding="UTF-8"?>
<testsuite xmlns:xsi="http://www.w3.org/2001/XMLSchema-instance" xsi:noNamespaceSchemaLocation="https://maven.apache.org/surefire/maven-surefire-plugin/xsd/surefire-test-report-3.0.xsd" version="3.0" name="com.ecommerce.customer.CustomerApplicationTests" time="6.847" tests="1" errors="0" skipped="0" failures="0">
  <properties>
[...]
</properties>
  <testcase name="contextLoads" classname="com.ecommerce.customer.CustomerApplicationTests" time="0.354">
    <system-out><![CDATA[13:15:35.105 [main] INFO org.springframework.test.context.support.AnnotationConfigContextLoaderUtils -- Could not detect default configuration classes for test class [com.ecommerce.customer.CustomerApplicationTests]: CustomerApplicationTests does not declare any static, non-private, non-final, nested classes annotated with @Configuration.
13:15:35.171 [main] INFO org.springframework.boot.test.context.SpringBootTestContextBootstrapper -- Found @SpringBootConfiguration com.ecommerce.customer.CustomerApplication for test class com.ecommerce.customer.CustomerApplicationTests

  .   ____          _            __ _ _
 /\\ / ___'_ __ _ _(_)_ __  __ _ \ \ \ \
( ( )\___ | '_ | '_| | '_ \/ _` | \ \ \ \
 \\/  ___)| |_)| | | | | || (_| |  ) ) ) )
  '  |____| .__|_| |_|_| |_\__, | / / / /
 =========|_|==============|___/=/_/_/_/
 :: Spring Boot ::                (v3.1.4)

2023-11-15T13:15:35.409+05:30  WARN 2425 --- [           main] ory$DuplicateJsonObjectContextCustomizer : 

Found multiple occurrences of org.json.JSONObject on the class path:

	jar:file:/Users/apple/.m2/repository/com/vaadin/external/google/android-json/0.0.20131108.vaadin1/android-json-0.0.20131108.vaadin1.jar!/org/json/JSONObject.class
	jar:file:/Users/apple/.m2/repository/org/json/json/20180130/json-20180130.jar!/org/json/JSONObject.class

You may wish to exclude one of them to ensure predictable runtime behavior

2023-11-15T13:15:35.422+05:30  INFO 2425 --- [           main] c.e.customer.CustomerApplicationTests    : Starting CustomerApplicationTests using Java 17.0.8.1 with PID 2425 (started by apple in /Users/apple/Documents/aws/Vnilusso/Customer)
2023-11-15T13:15:35.423+05:30  INFO 2425 --- [           main] c.e.customer.CustomerApplicationTests    : No active profile set, falling back to 1 default profile: "default"
2023-11-15T13:15:36.115+05:30  INFO 2425 --- [           main] .s.d.r.c.RepositoryConfigurationDelegate : Bootstrapping Spring Data JPA repositories in DEFAULT mode.
2023-11-15T13:15:36.172+05:30  INFO 2425 --- [           main] .s.d.r.c.RepositoryConfigurationDelegate : Finished Spring Data repository scanning in 52 ms. Found 19 JPA repository interfaces.
2023-11-15T13:15:36.802+05:30  INFO 2425 --- [           main] o.hibernate.jpa.internal.util.LogHelper  : HHH000204: Processing PersistenceUnitInfo [name: default]
2023-11-15T13:15:36.834+05:30  INFO 2425 --- [           main] org.hibernate.Version                    : HHH000412: Hibernate ORM core version 6.2.9.Final
2023-11-15T13:15:36.835+05:30  INFO 2425 --- [           main] org.hibernate.cfg.Environment            : HHH000406: Using bytecode reflection optimizer
2023-11-15T13:15:36.931+05:30  INFO 2425 --- [           main] o.h.b.i.BytecodeProviderInitiator        : HHH000021: Bytecode provider name : bytebuddy
2023-11-15T13:15:37.011+05:30  INFO 2425 --- [           main] o.s.o.j.p.SpringPersistenceUnitInfo      : No LoadTimeWeaver setup: ignoring JPA class transformer
2023-11-15T13:15:37.021+05:30  INFO 2425 --- [           main] com.zaxxer.hikari.HikariDataSource       : HikariPool-1 - Starting...
2023-11-15T13:15:37.100+05:30  INFO 2425 --- [           main] com.zaxxer.hikari.pool.HikariPool        : HikariPool-1 - Added connection org.postgresql.jdbc.PgConnection@15cee630
2023-11-15T13:15:37.102+05:30  INFO 2425 --- [           main] com.zaxxer.hikari.HikariDataSource       : HikariPool-1 - Start completed.
2023-11-15T13:15:37.351+05:30  INFO 2425 --- [           main] o.h.b.i.BytecodeProviderInitiator        : HHH000021: Bytecode provider name : bytebuddy
2023-11-15T13:15:38.079+05:30  INFO 2425 --- [           main] o.h.e.t.j.p.i.JtaPlatformInitiator       : HHH000490: Using JtaPlatform implementation: [org.hibernate.engine.transaction.jta.platform.internal.NoJtaPlatform]
2023-11-15T13:15:38.309+05:30  INFO 2425 --- [           main] j.LocalContainerEntityManagerFactoryBean : Initialized JPA EntityManagerFactory for persistence unit 'default'
2023-11-15T13:15:38.625+05:30  INFO 2425 --- [           main] o.s.d.j.r.query.QueryEnhancerFactory     : Hibernate is in classpath; If applicable, HQL parser will be used.
2023-11-15T13:15:40.394+05:30  WARN 2425 --- [           main] JpaBaseConfiguration$JpaWebConfiguration : spring.jpa.open-in-view is enabled by default. Therefore, database queries may be performed during view rendering. Explicitly configure spring.jpa.open-in-view to disable this warning
2023-11-15T13:15:40.555+05:30  INFO 2425 --- [           main] o.s.s.web.DefaultSecurityFilterChain     : Will secure any request with [org.springframework.security.web.session.DisableEncodeUrlFilter@772f3774, org.springframework.security.web.session.ForceEagerSessionCreationFilter@6166d18b, org.springframework.security.web.context.request.async.WebAsyncManagerIntegrationFilter@4270a134, org.springframework.security.web.context.SecurityContextHolderFilter@18f28f20, org.springframework.security.web.header.HeaderWriterFilter@58292496, org.springframework.security.web.csrf.CsrfFilter@4f13e602, org.springframework.security.web.authentication.logout.LogoutFilter@6b42829, org.springframework.security.oauth2.client.web.OAuth2AuthorizationRequestRedirectFilter@5d81c34a, org.springframework.security.oauth2.client.web.OAuth2LoginAuthenticationFilter@66968a15, org.springframework.security.web.authentication.UsernamePasswordAuthenticationFilter@7ffb99da, org.springframework.security.web.session.ConcurrentSessionFilter@76117cac, org.springframework.security.web.csrf.CsrfFilter@3d4d5af7, org.springframework.security.web.savedrequest.RequestCacheAwareFilter@7370f35b, org.springframework.security.web.servletapi.SecurityContextHolderAwareRequestFilter@9a6c67c, org.springframework.security.web.authentication.AnonymousAuthenticationFilter@33d74ebd, org.springframework.security.web.session.SessionManagementFilter@476dda8b, org.springframework.security.web.access.ExceptionTranslationFilter@4358e209, org.springframework.security.web.access.intercept.AuthorizationFilter@a2dfad]
2023-11-15T13:15:40.777+05:30  INFO 2425 --- [           main] o.s.b.a.w.s.WelcomePageHandlerMapping    : Adding welcome page template: index
2023-11-15T13:15:41.363+05:30  INFO 2425 --- [           main] o.s.b.a.e.web.EndpointLinksResolver      : Exposing 1 endpoint(s) beneath base path '/actuator'
2023-11-15T13:15:41.431+05:30  INFO 2425 --- [           main] c.e.customer.CustomerApplicationTests    : Started CustomerApplicationTests in 6.177 seconds (process running for 7.028)
]]></system-out>
  </testcase>
</testsuite>